#
# There is insufficient memory for the Java Runtime Environment to continue.
# Native memory allocation (malloc) failed to allocate 183500800 bytes for committing reserved memory.
# Possible reasons:
#   The system is out of physical RAM or swap space
#   In 32 bit mode, the process size limit was hit
# Possible solutions:
#   Reduce memory load on the system
#   Increase physical memory or swap space
#   Check if swap backing store is full
#   Use 64 bit Java on a 64 bit OS
#   Decrease Java heap size (-Xmx/-Xms)
#   Decrease number of Java threads
#   Decrease Java thread stack sizes (-Xss)
#   Set larger code cache with -XX:ReservedCodeCacheSize=
# This output file may be truncated or incomplete.
#
#  Out of Memory Error (os_linux.cpp:2798), pid=25495, tid=140048781289216
#
# JRE version: OpenJDK Runtime Environment (7.0_75-b13) (build 1.7.0_75-b13)
# Java VM: OpenJDK 64-Bit Server VM (24.75-b04 mixed mode linux-amd64 compressed oops)
# Derivative: IcedTea 2.5.4
# Distribution: Ubuntu 14.10, package 7u75-2.5.4-1~utopic1
# Failed to write core dump. Core dumps have been disabled. To enable core dumping, try "ulimit -c unlimited" before starting Java again
#

---------------  T H R E A D  ---------------

Current thread (0x00007f5fac1c6000):  VMThread [stack: 0x00007f5fa5cc2000,0x00007f5fa5dc3000] [id=25513]

Stack: [0x00007f5fa5cc2000,0x00007f5fa5dc3000],  sp=0x00007f5fa5dc14a0,  free space=1021k
Native frames: (J=compiled Java code, j=interpreted, Vv=VM code, C=native code)
V  [libjvm.so+0x982856]  VMError::report_and_die()+0x186
V  [libjvm.so+0x48fc22]  report_vm_out_of_memory(char const*, int, unsigned long, char const*)+0x92
V  [libjvm.so+0x7f483b]  os::pd_commit_memory(char*, unsigned long, unsigned long, bool)+0xeb
V  [libjvm.so+0x7eef4e]  os::commit_memory(char*, unsigned long, unsigned long, bool)+0x2e
V  [libjvm.so+0x861d6b]  PSVirtualSpace::expand_by(unsigned long)+0x5b
V  [libjvm.so+0x862c23]  PSYoungGen::resize_generation(unsigned long, unsigned long)+0xd3
V  [libjvm.so+0x86333b]  PSYoungGen::resize(unsigned long, unsigned long)+0x1b
V  [libjvm.so+0x85ed39]  PSScavenge::invoke_no_policy()+0xdc9
V  [libjvm.so+0x85f518]  PSScavenge::invoke()+0x38
V  [libjvm.so+0x816e73]  ParallelScavengeHeap::failed_mem_allocate(unsigned long)+0x63
V  [libjvm.so+0x984122]  VM_ParallelGCFailedAllocation::doit()+0x92
V  [libjvm.so+0x9889a7]  VM_Operation::evaluate()+0x47
V  [libjvm.so+0x986f9b]  VMThread::evaluate_operation(VM_Operation*)+0xab
V  [libjvm.so+0x987646]  VMThread::loop()+0x1e6
V  [libjvm.so+0x987b11]  VMThread::run()+0x81
V  [libjvm.so+0x7f1522]  java_start(Thread*)+0xf2

VM_Operation (0x00007f5fb54ec3a0): ParallelGCFailedAllocation, mode: safepoint, requested by thread 0x00007f5fac00a000


---------------  P R O C E S S  ---------------

Java Threads: ( => current thread )
  0x00007f5fac200000 JavaThread "Service Thread" daemon [_thread_blocked, id=25519, stack(0x00007f5fa4e66000,0x00007f5fa4f67000)]
  0x00007f5fac1fd800 JavaThread "C2 CompilerThread1" daemon [_thread_blocked, id=25518, stack(0x00007f5fa4f67000,0x00007f5fa5068000)]
  0x00007f5fac1fa800 JavaThread "C2 CompilerThread0" daemon [_thread_blocked, id=25517, stack(0x00007f5fa5068000,0x00007f5fa5169000)]
  0x00007f5fac1f8800 JavaThread "Signal Dispatcher" daemon [_thread_blocked, id=25516, stack(0x00007f5fa5169000,0x00007f5fa526a000)]
  0x00007f5fac1cc800 JavaThread "Finalizer" daemon [_thread_blocked, id=25515, stack(0x00007f5fa5ac0000,0x00007f5fa5bc1000)]
  0x00007f5fac1ca800 JavaThread "Reference Handler" daemon [_thread_blocked, id=25514, stack(0x00007f5fa5bc1000,0x00007f5fa5cc2000)]
  0x00007f5fac00a000 JavaThread "main" [_thread_blocked, id=25504, stack(0x00007f5fb53ed000,0x00007f5fb54ee000)]

Other Threads:
=>0x00007f5fac1c6000 VMThread [stack: 0x00007f5fa5cc2000,0x00007f5fa5dc3000] [id=25513]
  0x00007f5fac20b000 WatcherThread [stack: 0x00007f5fa4d65000,0x00007f5fa4e66000] [id=25520]

VM state:at safepoint (normal execution)

VM Mutex/Monitor currently owned by a thread:  ([mutex/lock_event])
[0x00007f5fac006680] Threads_lock - owner thread: 0x00007f5fac1c6000
[0x00007f5fac006b80] Heap_lock - owner thread: 0x00007f5fac00a000

Heap
 PSYoungGen      total 134144K, used 5104K [0x00000000eaa80000, 0x00000000f3280000, 0x0000000100000000)
  eden space 129024K, 0% used [0x00000000eaa80000,0x00000000eaa80000,0x00000000f2880000)
  from space 5120K, 99% used [0x00000000f2880000,0x00000000f2d7c3d0,0x00000000f2d80000)
  to   space 5120K, 0% used [0x00000000f2d80000,0x00000000f2d80000,0x00000000f3280000)
 ParOldGen       total 84480K, used 60042K [0x00000000c0000000, 0x00000000c5280000, 0x00000000eaa80000)
  object space 84480K, 71% used [0x00000000c0000000,0x00000000c3aa29c0,0x00000000c5280000)
 PSPermGen       total 21504K, used 7063K [0x00000000b5a00000, 0x00000000b6f00000, 0x00000000c0000000)
  object space 21504K, 32% used [0x00000000b5a00000,0x00000000b60e5e40,0x00000000b6f00000)

Card table byte_map: [0x00007f5fb1d95000,0x00007f5fb1fe9000] byte_map_base: 0x00007f5fb17e8000

Polling page: 0x00007f5fb550f000

Code Cache  [0x00007f5fa9000000, 0x00007f5fa9270000, 0x00007f5fac000000)
 total_blobs=850 nmethods=598 adapters=205 free_code_cache=47466Kb largest_free_block=48563136

Compilation events (10 events):
Event: 2,662 Thread 0x00007f5fac1fd800 nmethod 600 0x00007f5fa91a85d0 code [0x00007f5fa91a8700, 0x00007f5fa91a8758]
Event: 2,662 Thread 0x00007f5fac1fd800  601             com.android.dx.io.instructions.FiveRegisterDecodedInstruction::getD (5 bytes)
Event: 2,662 Thread 0x00007f5fac1fd800 nmethod 601 0x00007f5fa91a83d0 code [0x00007f5fa91a8500, 0x00007f5fa91a8558]
Event: 2,663 Thread 0x00007f5fac1fa800 nmethod 595 0x00007f5fa91a5f10 code [0x00007f5fa91a6060, 0x00007f5fa91a6238]
Event: 2,709 Thread 0x00007f5fac1fd800  602             com.android.dex.EncodedValueCodec::writeUnsignedIntegralValue (66 bytes)
Event: 2,717 Thread 0x00007f5fac1fd800 nmethod 602 0x00007f5fa91a5190 code [0x00007f5fa91a5320, 0x00007f5fa91a5a98]
Event: 2,719 Thread 0x00007f5fac1fa800  603             com.android.dx.io.instructions.InstructionCodec$14::decode (53 bytes)
Event: 2,719 Thread 0x00007f5fac1fd800  604             com.android.dx.io.instructions.InstructionCodec$14::encode (29 bytes)
Event: 2,721 Thread 0x00007f5fac1fa800 nmethod 603 0x00007f5fa91ac4d0 code [0x00007f5fa91ac620, 0x00007f5fa91ac7f8]
Event: 2,721 Thread 0x00007f5fac1fd800 nmethod 604 0x00007f5fa91a4a50 code [0x00007f5fa91a4bc0, 0x00007f5fa91a4dd8]

GC Heap History (9 events):
Event: 0,893 GC heap before
{Heap before GC invocations=1 (full 0):
 PSYoungGen      total 37376K, used 32200K [0x00000000eaa80000, 0x00000000ed400000, 0x0000000100000000)
  eden space 32256K, 99% used [0x00000000eaa80000,0x00000000ec9f23a0,0x00000000eca00000)
  from space 5120K, 0% used [0x00000000ecf00000,0x00000000ecf00000,0x00000000ed400000)
  to   space 5120K, 0% used [0x00000000eca00000,0x00000000eca00000,0x00000000ecf00000)
 ParOldGen       total 84480K, used 0K [0x00000000c0000000, 0x00000000c5280000, 0x00000000eaa80000)
  object space 84480K, 0% used [0x00000000c0000000,0x00000000c0000000,0x00000000c5280000)
 PSPermGen       total 21504K, used 5201K [0x00000000b5a00000, 0x00000000b6f00000, 0x00000000c0000000)
  object space 21504K, 24% used [0x00000000b5a00000,0x00000000b5f14410,0x00000000b6f00000)
Event: 0,909 GC heap after
Heap after GC invocations=1 (full 0):
 PSYoungGen      total 37376K, used 5094K [0x00000000eaa80000, 0x00000000ef380000, 0x0000000100000000)
  eden space 32256K, 0% used [0x00000000eaa80000,0x00000000eaa80000,0x00000000eca00000)
  from space 5120K, 99% used [0x00000000eca00000,0x00000000ecef99f0,0x00000000ecf00000)
  to   space 5120K, 0% used [0x00000000eee80000,0x00000000eee80000,0x00000000ef380000)
 ParOldGen       total 84480K, used 6119K [0x00000000c0000000, 0x00000000c5280000, 0x00000000eaa80000)
  object space 84480K, 7% used [0x00000000c0000000,0x00000000c05f9d08,0x00000000c5280000)
 PSPermGen       total 21504K, used 5201K [0x00000000b5a00000, 0x00000000b6f00000, 0x00000000c0000000)
  object space 21504K, 24% used [0x00000000b5a00000,0x00000000b5f14410,0x00000000b6f00000)
}
Event: 1,643 GC heap before
{Heap before GC invocations=2 (full 0):
 PSYoungGen      total 37376K, used 37338K [0x00000000eaa80000, 0x00000000ef380000, 0x0000000100000000)
  eden space 32256K, 99% used [0x00000000eaa80000,0x00000000ec9fcf08,0x00000000eca00000)
  from space 5120K, 99% used [0x00000000eca00000,0x00000000ecef99f0,0x00000000ecf00000)
  to   space 5120K, 0% used [0x00000000eee80000,0x00000000eee80000,0x00000000ef380000)
 ParOldGen       total 84480K, used 6119K [0x00000000c0000000, 0x00000000c5280000, 0x00000000eaa80000)
  object space 84480K, 7% used [0x00000000c0000000,0x00000000c05f9d08,0x00000000c5280000)
 PSPermGen       total 21504K, used 6885K [0x00000000b5a00000, 0x00000000b6f00000, 0x00000000c0000000)
  object space 21504K, 32% used [0x00000000b5a00000,0x00000000b60b9560,0x00000000b6f00000)
Event: 1,661 GC heap after
Heap after GC invocations=2 (full 0):
 PSYoungGen      total 69632K, used 5109K [0x00000000eaa80000, 0x00000000ef380000, 0x0000000100000000)
  eden space 64512K, 0% used [0x00000000eaa80000,0x00000000eaa80000,0x00000000ee980000)
  from space 5120K, 99% used [0x00000000eee80000,0x00000000ef37d4c0,0x00000000ef380000)
  to   space 5120K, 0% used [0x00000000ee980000,0x00000000ee980000,0x00000000eee80000)
 ParOldGen       total 84480K, used 12191K [0x00000000c0000000, 0x00000000c5280000, 0x00000000eaa80000)
  object space 84480K, 14% used [0x00000000c0000000,0x00000000c0be7f48,0x00000000c5280000)
 PSPermGen       total 21504K, used 6885K [0x00000000b5a00000, 0x00000000b6f00000, 0x00000000c0000000)
  object space 21504K, 32% used [0x00000000b5a00000,0x00000000b60b9560,0x00000000b6f00000)
}
Event: 2,083 GC heap before
{Heap before GC invocations=3 (full 0):
 PSYoungGen      total 69632K, used 69621K [0x00000000eaa80000, 0x00000000ef380000, 0x0000000100000000)
  eden space 64512K, 100% used [0x00000000eaa80000,0x00000000ee980000,0x00000000ee980000)
  from space 5120K, 99% used [0x00000000eee80000,0x00000000ef37d4c0,0x00000000ef380000)
  to   space 5120K, 0% used [0x00000000ee980000,0x00000000ee980000,0x00000000eee80000)
 ParOldGen       total 84480K, used 12191K [0x00000000c0000000, 0x00000000c5280000, 0x00000000eaa80000)
  object space 84480K, 14% used [0x00000000c0000000,0x00000000c0be7f48,0x00000000c5280000)
 PSPermGen       total 21504K, used 6952K [0x00000000b5a00000, 0x00000000b6f00000, 0x00000000c0000000)
  object space 21504K, 32% used [0x00000000b5a00000,0x00000000b60ca0e8,0x00000000b6f00000)
Event: 2,100 GC heap after
Heap after GC invocations=3 (full 0):
 PSYoungGen      total 69632K, used 5091K [0x00000000eaa80000, 0x00000000f3280000, 0x0000000100000000)
  eden space 64512K, 0% used [0x00000000eaa80000,0x00000000eaa80000,0x00000000ee980000)
  from space 5120K, 99% used [0x00000000ee980000,0x00000000eee78db8,0x00000000eee80000)
  to   space 5120K, 0% used [0x00000000f2d80000,0x00000000f2d80000,0x00000000f3280000)
 ParOldGen       total 84480K, used 17712K [0x00000000c0000000, 0x00000000c5280000, 0x00000000eaa80000)
  object space 84480K, 20% used [0x00000000c0000000,0x00000000c114c068,0x00000000c5280000)
 PSPermGen       total 21504K, used 6952K [0x00000000b5a00000, 0x00000000b6f00000, 0x00000000c0000000)
  object space 21504K, 32% used [0x00000000b5a00000,0x00000000b60ca0e8,0x00000000b6f00000)
}
Event: 2,295 GC heap before
{Heap before GC invocations=4 (full 0):
 PSYoungGen      total 69632K, used 69603K [0x00000000eaa80000, 0x00000000f3280000, 0x0000000100000000)
  eden space 64512K, 100% used [0x00000000eaa80000,0x00000000ee980000,0x00000000ee980000)
  from space 5120K, 99% used [0x00000000ee980000,0x00000000eee78db8,0x00000000eee80000)
  to   space 5120K, 0% used [0x00000000f2d80000,0x00000000f2d80000,0x00000000f3280000)
 ParOldGen       total 84480K, used 17712K [0x00000000c0000000, 0x00000000c5280000, 0x00000000eaa80000)
  object space 84480K, 20% used [0x00000000c0000000,0x00000000c114c068,0x00000000c5280000)
 PSPermGen       total 21504K, used 7057K [0x00000000b5a00000, 0x00000000b6f00000, 0x00000000c0000000)
  object space 21504K, 32% used [0x00000000b5a00000,0x00000000b60e4528,0x00000000b6f00000)
Event: 2,335 GC heap after
Heap after GC invocations=4 (full 0):
 PSYoungGen      total 134144K, used 5102K [0x00000000eaa80000, 0x00000000f3280000, 0x0000000100000000)
  eden space 129024K, 0% used [0x00000000eaa80000,0x00000000eaa80000,0x00000000f2880000)
  from space 5120K, 99% used [0x00000000f2d80000,0x00000000f327baf0,0x00000000f3280000)
  to   space 5120K, 0% used [0x00000000f2880000,0x00000000f2880000,0x00000000f2d80000)
 ParOldGen       total 84480K, used 35953K [0x00000000c0000000, 0x00000000c5280000, 0x00000000eaa80000)
  object space 84480K, 42% used [0x00000000c0000000,0x00000000c231c590,0x00000000c5280000)
 PSPermGen       total 21504K, used 7057K [0x00000000b5a00000, 0x00000000b6f00000, 0x00000000c0000000)
  object space 21504K, 32% used [0x00000000b5a00000,0x00000000b60e4528,0x00000000b6f00000)
}
Event: 2,723 GC heap before
{Heap before GC invocations=5 (full 0):
 PSYoungGen      total 134144K, used 134126K [0x00000000eaa80000, 0x00000000f3280000, 0x0000000100000000)
  eden space 129024K, 100% used [0x00000000eaa80000,0x00000000f2880000,0x00000000f2880000)
  from space 5120K, 99% used [0x00000000f2d80000,0x00000000f327baf0,0x00000000f3280000)
  to   space 5120K, 0% used [0x00000000f2880000,0x00000000f2880000,0x00000000f2d80000)
 ParOldGen       total 84480K, used 35953K [0x00000000c0000000, 0x00000000c5280000, 0x00000000eaa80000)
  object space 84480K, 42% used [0x00000000c0000000,0x00000000c231c590,0x00000000c5280000)
 PSPermGen       total 21504K, used 7063K [0x00000000b5a00000, 0x00000000b6f00000, 0x00000000c0000000)
  object space 21504K, 32% used [0x00000000b5a00000,0x00000000b60e5e40,0x00000000b6f00000)

Deoptimization events (10 events):
Event: 2,082 Thread 0x00007f5fac00a000 Uncommon trap: reason=array_check action=maybe_recompile pc=0x00007f5fa91475c0 method=java.util.ComparableTimSort.binarySort([Ljava/lang/Object;III)V @ 193
Event: 2,156 Thread 0x00007f5fac00a000 Uncommon trap: reason=array_check action=maybe_recompile pc=0x00007f5fa91475c0 method=java.util.ComparableTimSort.binarySort([Ljava/lang/Object;III)V @ 193
Event: 2,168 Thread 0x00007f5fac00a000 Uncommon trap: reason=array_check action=maybe_recompile pc=0x00007f5fa916810c method=java.util.TimSort.binarySort([Ljava/lang/Object;IIILjava/util/Comparator;)V @ 215
Event: 2,168 Thread 0x00007f5fac00a000 Uncommon trap: reason=array_check action=maybe_recompile pc=0x00007f5fa91681fc method=java.util.TimSort.binarySort([Ljava/lang/Object;IIILjava/util/Comparator;)V @ 193
Event: 2,168 Thread 0x00007f5fac00a000 Uncommon trap: reason=array_check action=maybe_recompile pc=0x00007f5fa916810c method=java.util.TimSort.binarySort([Ljava/lang/Object;IIILjava/util/Comparator;)V @ 215
Event: 2,168 Thread 0x00007f5fac00a000 Uncommon trap: reason=array_check action=maybe_recompile pc=0x00007f5fa91682cc method=java.util.TimSort.binarySort([Ljava/lang/Object;IIILjava/util/Comparator;)V @ 183
Event: 2,168 Thread 0x00007f5fac00a000 Uncommon trap: reason=array_check action=maybe_recompile pc=0x00007f5fa91682cc method=java.util.TimSort.binarySort([Ljava/lang/Object;IIILjava/util/Comparator;)V @ 183
Event: 2,216 Thread 0x00007f5fac00a000 Uncommon trap: reason=array_check action=maybe_recompile pc=0x00007f5fa91475c0 method=java.util.ComparableTimSort.binarySort([Ljava/lang/Object;III)V @ 193
Event: 2,453 Thread 0x00007f5fac00a000 Uncommon trap: reason=array_check action=maybe_recompile pc=0x00007f5fa90818cc method=java.util.ComparableTimSort.binarySort([Ljava/lang/Object;III)V @ 215
Event: 2,549 Thread 0x00007f5fac00a000 Uncommon trap: reason=array_check action=maybe_recompile pc=0x00007f5fa90818cc method=java.util.ComparableTimSort.binarySort([Ljava/lang/Object;III)V @ 215

Internal exceptions (10 events):
Event: 1,331 Thread 0x00007f5fac00a000 Threw 0x00000000eb8ce2c8 at /build/buildd/openjdk-7-7u75-2.5.4/build/openjdk/hotspot/src/share/vm/prims/jvm.cpp:1284
Event: 1,333 Thread 0x00007f5fac00a000 Threw 0x00000000eb915b40 at /build/buildd/openjdk-7-7u75-2.5.4/build/openjdk/hotspot/src/share/vm/prims/jvm.cpp:1284
Event: 1,334 Thread 0x00007f5fac00a000 Threw 0x00000000eb918720 at /build/buildd/openjdk-7-7u75-2.5.4/build/openjdk/hotspot/src/share/vm/prims/jvm.cpp:1284
Event: 1,393 Thread 0x00007f5fac00a000 Threw 0x00000000eb9e44b0 at /build/buildd/openjdk-7-7u75-2.5.4/build/openjdk/hotspot/src/share/vm/prims/jvm.cpp:1284
Event: 1,393 Thread 0x00007f5fac00a000 Threw 0x00000000eb9e45d8 at /build/buildd/openjdk-7-7u75-2.5.4/build/openjdk/hotspot/src/share/vm/prims/jvm.cpp:1284
Event: 1,393 Thread 0x00007f5fac00a000 Threw 0x00000000eb9e6c88 at /build/buildd/openjdk-7-7u75-2.5.4/build/openjdk/hotspot/src/share/vm/prims/jvm.cpp:1284
Event: 1,393 Thread 0x00007f5fac00a000 Threw 0x00000000eb9e6db0 at /build/buildd/openjdk-7-7u75-2.5.4/build/openjdk/hotspot/src/share/vm/prims/jvm.cpp:1284
Event: 1,393 Thread 0x00007f5fac00a000 Threw 0x00000000eb9e77b0 at /build/buildd/openjdk-7-7u75-2.5.4/build/openjdk/hotspot/src/share/vm/prims/jvm.cpp:1284
Event: 1,393 Thread 0x00007f5fac00a000 Threw 0x00000000eb9e78d8 at /build/buildd/openjdk-7-7u75-2.5.4/build/openjdk/hotspot/src/share/vm/prims/jvm.cpp:1284
Event: 1,720 Thread 0x00007f5fac00a000 Threw 0x00000000eaff9850 at /build/buildd/openjdk-7-7u75-2.5.4/build/openjdk/hotspot/src/share/vm/prims/jvm.cpp:1284

Events (10 events):
Event: 2,359 Thread 0x00007f5fac1fd800 flushing nmethod 0x00007f5fa907fa90
Event: 2,359 Thread 0x00007f5fac1fd800 flushing nmethod 0x00007f5fa9084b50
Event: 2,365 Thread 0x00007f5fac1fa800 flushing nmethod 0x00007f5fa908e5d0
Event: 2,453 Thread 0x00007f5fac00a000 Uncommon trap: trap_request=0xffffffd6 fr.pc=0x00007f5fa90818cc
Event: 2,453 Thread 0x00007f5fac00a000 DEOPT PACKING pc=0x00007f5fa90818cc sp=0x00007f5fb54ec460
Event: 2,453 Thread 0x00007f5fac00a000 DEOPT UNPACKING pc=0x00007f5fa9039445 sp=0x00007f5fb54ec428 mode 2
Event: 2,549 Thread 0x00007f5fac00a000 Uncommon trap: trap_request=0xffffffd6 fr.pc=0x00007f5fa90818cc
Event: 2,549 Thread 0x00007f5fac00a000 DEOPT PACKING pc=0x00007f5fa90818cc sp=0x00007f5fb54ec460
Event: 2,549 Thread 0x00007f5fac00a000 DEOPT UNPACKING pc=0x00007f5fa9039445 sp=0x00007f5fb54ec428 mode 2
Event: 2,722 Executing VM operation: ParallelGCFailedAllocation


Dynamic libraries:
00400000-00401000 r-xp 00000000 08:12 1188562                            /usr/lib/jvm/java-7-openjdk-amd64/jre/bin/java
00600000-00601000 r--p 00000000 08:12 1188562                            /usr/lib/jvm/java-7-openjdk-amd64/jre/bin/java
00601000-00602000 rw-p 00001000 08:12 1188562                            /usr/lib/jvm/java-7-openjdk-amd64/jre/bin/java
017dc000-017fd000 rw-p 00000000 00:00 0                                  [heap]
b5a00000-b6f00000 rw-p 00000000 00:00 0 
b6f00000-c0000000 rw-p 00000000 00:00 0 
c0000000-c5280000 rw-p 00000000 00:00 0 
c5280000-eaa80000 rw-p 00000000 00:00 0 
eaa80000-f3280000 rw-p 00000000 00:00 0 
fe180000-100000000 rw-p 00000000 00:00 0 
7f5f60000000-7f5f60021000 rw-p 00000000 00:00 0 
7f5f60021000-7f5f64000000 ---p 00000000 00:00 0 
7f5f64000000-7f5f64021000 rw-p 00000000 00:00 0 
7f5f64021000-7f5f68000000 ---p 00000000 00:00 0 
7f5f68000000-7f5f6899d000 rw-p 00000000 00:00 0 
7f5f6899d000-7f5f6c000000 ---p 00000000 00:00 0 
7f5f6c000000-7f5f6c8e6000 rw-p 00000000 00:00 0 
7f5f6c8e6000-7f5f70000000 ---p 00000000 00:00 0 
7f5f70000000-7f5f70021000 rw-p 00000000 00:00 0 
7f5f70021000-7f5f74000000 ---p 00000000 00:00 0 
7f5f74000000-7f5f74021000 rw-p 00000000 00:00 0 
7f5f74021000-7f5f78000000 ---p 00000000 00:00 0 
7f5f78000000-7f5f780e2000 rw-p 00000000 00:00 0 
7f5f780e2000-7f5f7c000000 ---p 00000000 00:00 0 
7f5f7c000000-7f5f7c021000 rw-p 00000000 00:00 0 
7f5f7c021000-7f5f80000000 ---p 00000000 00:00 0 
7f5f80000000-7f5f80021000 rw-p 00000000 00:00 0 
7f5f80021000-7f5f84000000 ---p 00000000 00:00 0 
7f5f873e8000-7f5f87548000 rw-p 00000000 00:00 0 
7f5f87548000-7f5f875b4000 r-xp 00000000 08:12 3412210                    /lib/x86_64-linux-gnu/libpcre.so.3.13.1
7f5f875b4000-7f5f877b3000 ---p 0006c000 08:12 3412210                    /lib/x86_64-linux-gnu/libpcre.so.3.13.1
7f5f877b3000-7f5f877b4000 r--p 0006b000 08:12 3412210                    /lib/x86_64-linux-gnu/libpcre.so.3.13.1
7f5f877b4000-7f5f877b5000 rw-p 0006c000 08:12 3412210                    /lib/x86_64-linux-gnu/libpcre.so.3.13.1
7f5f877b5000-7f5f877bc000 r-xp 00000000 08:12 664696                     /usr/lib/x86_64-linux-gnu/libffi.so.6.0.2
7f5f877bc000-7f5f879bb000 ---p 00007000 08:12 664696                     /usr/lib/x86_64-linux-gnu/libffi.so.6.0.2
7f5f879bb000-7f5f879bc000 r--p 00006000 08:12 664696                     /usr/lib/x86_64-linux-gnu/libffi.so.6.0.2
7f5f879bc000-7f5f879bd000 rw-p 00007000 08:12 664696                     /usr/lib/x86_64-linux-gnu/libffi.so.6.0.2
7f5f879bd000-7f5f879d4000 r-xp 00000000 08:12 3412401                    /lib/x86_64-linux-gnu/libresolv-2.19.so
7f5f879d4000-7f5f87bd4000 ---p 00017000 08:12 3412401                    /lib/x86_64-linux-gnu/libresolv-2.19.so
7f5f87bd4000-7f5f87bd5000 r--p 00017000 08:12 3412401                    /lib/x86_64-linux-gnu/libresolv-2.19.so
7f5f87bd5000-7f5f87bd6000 rw-p 00018000 08:12 3412401                    /lib/x86_64-linux-gnu/libresolv-2.19.so
7f5f87bd6000-7f5f87bd8000 rw-p 00000000 00:00 0 
7f5f87bd8000-7f5f87bf9000 r-xp 00000000 08:12 3412237                    /lib/x86_64-linux-gnu/libselinux.so.1
7f5f87bf9000-7f5f87df8000 ---p 00021000 08:12 3412237                    /lib/x86_64-linux-gnu/libselinux.so.1
7f5f87df8000-7f5f87df9000 r--p 00020000 08:12 3412237                    /lib/x86_64-linux-gnu/libselinux.so.1
7f5f87df9000-7f5f87dfa000 rw-p 00021000 08:12 3412237                    /lib/x86_64-linux-gnu/libselinux.so.1
7f5f87dfa000-7f5f87dfc000 rw-p 00000000 00:00 0 
7f5f87dfc000-7f5f87dff000 r-xp 00000000 08:12 655767                     /usr/lib/x86_64-linux-gnu/libgmodule-2.0.so.0.4200.1
7f5f87dff000-7f5f87ffe000 ---p 00003000 08:12 655767                     /usr/lib/x86_64-linux-gnu/libgmodule-2.0.so.0.4200.1
7f5f87ffe000-7f5f87fff000 r--p 00002000 08:12 655767                     /usr/lib/x86_64-linux-gnu/libgmodule-2.0.so.0.4200.1
7f5f87fff000-7f5f88000000 rw-p 00003000 08:12 655767                     /usr/lib/x86_64-linux-gnu/libgmodule-2.0.so.0.4200.1
7f5f88000000-7f5f88021000 rw-p 00000000 00:00 0 
7f5f88021000-7f5f8c000000 ---p 00000000 00:00 0 
7f5f8c000000-7f5f8c021000 rw-p 00000000 00:00 0 
7f5f8c021000-7f5f90000000 ---p 00000000 00:00 0 
7f5f90000000-7f5f90021000 rw-p 00000000 00:00 0 
7f5f90021000-7f5f94000000 ---p 00000000 00:00 0 
7f5f94000000-7f5f94021000 rw-p 00000000 00:00 0 
7f5f94021000-7f5f98000000 ---p 00000000 00:00 0 
7f5f98000000-7f5f98021000 rw-p 00000000 00:00 0 
7f5f98021000-7f5f9c000000 ---p 00000000 00:00 0 
7f5f9c000000-7f5f9c021000 rw-p 00000000 00:00 0 
7f5f9c021000-7f5fa0000000 ---p 00000000 00:00 0 
7f5fa0000000-7f5fa0021000 rw-p 00000000 00:00 0 
7f5fa0021000-7f5fa4000000 ---p 00000000 00:00 0 
7f5fa4061000-7f5fa416d000 r-xp 00000000 08:12 3412005                    /lib/x86_64-linux-gnu/libglib-2.0.so.0.4200.1
7f5fa416d000-7f5fa436d000 ---p 0010c000 08:12 3412005                    /lib/x86_64-linux-gnu/libglib-2.0.so.0.4200.1
7f5fa436d000-7f5fa436e000 r--p 0010c000 08:12 3412005                    /lib/x86_64-linux-gnu/libglib-2.0.so.0.4200.1
7f5fa436e000-7f5fa436f000 rw-p 0010d000 08:12 3412005                    /lib/x86_64-linux-gnu/libglib-2.0.so.0.4200.1
7f5fa436f000-7f5fa4370000 rw-p 00000000 00:00 0 
7f5fa4370000-7f5fa43c0000 r-xp 00000000 08:12 655742                     /usr/lib/x86_64-linux-gnu/libgobject-2.0.so.0.4200.1
7f5fa43c0000-7f5fa45c0000 ---p 00050000 08:12 655742                     /usr/lib/x86_64-linux-gnu/libgobject-2.0.so.0.4200.1
7f5fa45c0000-7f5fa45c1000 r--p 00050000 08:12 655742                     /usr/lib/x86_64-linux-gnu/libgobject-2.0.so.0.4200.1
7f5fa45c1000-7f5fa45c2000 rw-p 00051000 08:12 655742                     /usr/lib/x86_64-linux-gnu/libgobject-2.0.so.0.4200.1
7f5fa45c2000-7f5fa4733000 r-xp 00000000 08:12 655762                     /usr/lib/x86_64-linux-gnu/libgio-2.0.so.0.4200.1
7f5fa4733000-7f5fa4933000 ---p 00171000 08:12 655762                     /usr/lib/x86_64-linux-gnu/libgio-2.0.so.0.4200.1
7f5fa4933000-7f5fa4937000 r--p 00171000 08:12 655762                     /usr/lib/x86_64-linux-gnu/libgio-2.0.so.0.4200.1
7f5fa4937000-7f5fa4939000 rw-p 00175000 08:12 655762                     /usr/lib/x86_64-linux-gnu/libgio-2.0.so.0.4200.1
7f5fa4939000-7f5fa493b000 rw-p 00000000 00:00 0 
7f5fa493b000-7f5fa4952000 r-xp 00000000 08:12 1188507                    /usr/lib/jvm/java-7-openjdk-amd64/jre/lib/amd64/libnet.so
7f5fa4952000-7f5fa4b51000 ---p 00017000 08:12 1188507                    /usr/lib/jvm/java-7-openjdk-amd64/jre/lib/amd64/libnet.so
7f5fa4b51000-7f5fa4b52000 r--p 00016000 08:12 1188507                    /usr/lib/jvm/java-7-openjdk-amd64/jre/lib/amd64/libnet.so
7f5fa4b52000-7f5fa4b53000 rw-p 00017000 08:12 1188507                    /usr/lib/jvm/java-7-openjdk-amd64/jre/lib/amd64/libnet.so
7f5fa4b53000-7f5fa4b64000 r-xp 00000000 08:12 1188501                    /usr/lib/jvm/java-7-openjdk-amd64/jre/lib/amd64/libnio.so
7f5fa4b64000-7f5fa4d63000 ---p 00011000 08:12 1188501                    /usr/lib/jvm/java-7-openjdk-amd64/jre/lib/amd64/libnio.so
7f5fa4d63000-7f5fa4d64000 r--p 00010000 08:12 1188501                    /usr/lib/jvm/java-7-openjdk-amd64/jre/lib/amd64/libnio.so
7f5fa4d64000-7f5fa4d65000 rw-p 00011000 08:12 1188501                    /usr/lib/jvm/java-7-openjdk-amd64/jre/lib/amd64/libnio.so
7f5fa4d65000-7f5fa4d66000 ---p 00000000 00:00 0 
7f5fa4d66000-7f5fa4e66000 rw-p 00000000 00:00 0                          [stack:25520]
7f5fa4e66000-7f5fa4e69000 ---p 00000000 00:00 0 
7f5fa4e69000-7f5fa4f67000 rw-p 00000000 00:00 0                          [stack:25519]
7f5fa4f67000-7f5fa4f6a000 ---p 00000000 00:00 0 
7f5fa4f6a000-7f5fa5068000 rw-p 00000000 00:00 0                          [stack:25518]
7f5fa5068000-7f5fa506b000 ---p 00000000 00:00 0 
7f5fa506b000-7f5fa5169000 rw-p 00000000 00:00 0                          [stack:25517]
7f5fa5169000-7f5fa516c000 ---p 00000000 00:00 0 
7f5fa516c000-7f5fa526a000 rw-p 00000000 00:00 0                          [stack:25516]
7f5fa526a000-7f5fa5ac0000 r--p 00000000 08:12 663587                     /usr/lib/locale/locale-archive
7f5fa5ac0000-7f5fa5ac3000 ---p 00000000 00:00 0 
7f5fa5ac3000-7f5fa5bc1000 rw-p 00000000 00:00 0                          [stack:25515]
7f5fa5bc1000-7f5fa5bc4000 ---p 00000000 00:00 0 
7f5fa5bc4000-7f5fa5cc2000 rw-p 00000000 00:00 0                          [stack:25514]
7f5fa5cc2000-7f5fa5cc3000 ---p 00000000 00:00 0 
7f5fa5cc3000-7f5fa9000000 rw-p 00000000 00:00 0                          [stack:25513]
7f5fa9000000-7f5fa9270000 rwxp 00000000 00:00 0 
7f5fa9270000-7f5fac40c000 rw-p 00000000 00:00 0 
7f5fac40c000-7f5fb0000000 ---p 00000000 00:00 0 
7f5fb0077000-7f5fb007e000 r--s 00000000 08:12 924945                     /usr/lib/x86_64-linux-gnu/gconv/gconv-modules.cache
7f5fb007e000-7f5fb00a4000 r--p 00000000 08:12 1184610                    /usr/share/locale-langpack/fr/LC_MESSAGES/libc.mo
7f5fb00a4000-7f5fb00a8000 r--s 0004d000 08:12 1188530                    /usr/lib/jvm/java-7-openjdk-amd64/jre/lib/jsse.jar
7f5fb00a8000-7f5fb00b7000 r--s 000dd000 08:02 138402                     /home/guillaume/Android/Sdk/build-tools/22.0.1/lib/dx.jar
7f5fb00b7000-7f5fb0f0e000 rw-p 00000000 00:00 0 
7f5fb0f0e000-7f5fb10c0000 r--s 01d23000 08:12 1188548                    /usr/lib/jvm/java-7-openjdk-amd64/jre/lib/rt.jar
7f5fb10c0000-7f5fb13e4000 rw-p 00000000 00:00 0 
7f5fb13e4000-7f5fb13e5000 ---p 00000000 00:00 0 
7f5fb13e5000-7f5fb14e5000 rw-p 00000000 00:00 0                          [stack:25512]
7f5fb14e5000-7f5fb14e6000 ---p 00000000 00:00 0 
7f5fb14e6000-7f5fb15e6000 rw-p 00000000 00:00 0                          [stack:25511]
7f5fb15e6000-7f5fb15e7000 ---p 00000000 00:00 0 
7f5fb15e7000-7f5fb16e7000 rw-p 00000000 00:00 0                          [stack:25510]
7f5fb16e7000-7f5fb16e8000 ---p 00000000 00:00 0 
7f5fb16e8000-7f5fb17e8000 rw-p 00000000 00:00 0                          [stack:25509]
7f5fb17e8000-7f5fb17e9000 ---p 00000000 00:00 0 
7f5fb17e9000-7f5fb18e9000 rw-p 00000000 00:00 0                          [stack:25508]
7f5fb18e9000-7f5fb18ea000 ---p 00000000 00:00 0 
7f5fb18ea000-7f5fb19ea000 rw-p 00000000 00:00 0                          [stack:25507]
7f5fb19ea000-7f5fb19eb000 ---p 00000000 00:00 0 
7f5fb19eb000-7f5fb1aeb000 rw-p 00000000 00:00 0                          [stack:25506]
7f5fb1aeb000-7f5fb1aec000 ---p 00000000 00:00 0 
7f5fb1aec000-7f5fb1bf7000 rw-p 00000000 00:00 0                          [stack:25505]
7f5fb1bf7000-7f5fb1c3f000 rw-p 00000000 00:00 0 
7f5fb1c3f000-7f5fb1c69000 rw-p 00000000 00:00 0 
7f5fb1c69000-7f5fb1d95000 rw-p 00000000 00:00 0 
7f5fb1d95000-7f5fb1da0000 rw-p 00000000 00:00 0 
7f5fb1da0000-7f5fb1de8000 rw-p 00000000 00:00 0 
7f5fb1de8000-7f5fb1e12000 rw-p 00000000 00:00 0 
7f5fb1e12000-7f5fb1f3d000 rw-p 00000000 00:00 0 
7f5fb1f3d000-7f5fb1f82000 rw-p 00000000 00:00 0 
7f5fb1f82000-7f5fb1fe8000 rw-p 00000000 00:00 0 
7f5fb1fe8000-7f5fb1fe9000 rw-p 00000000 00:00 0 
7f5fb1fe9000-7f5fb1ff1000 r-xp 00000000 08:12 1188494                    /usr/lib/jvm/java-7-openjdk-amd64/jre/lib/amd64/libzip.so
7f5fb1ff1000-7f5fb21f0000 ---p 00008000 08:12 1188494                    /usr/lib/jvm/java-7-openjdk-amd64/jre/lib/amd64/libzip.so
7f5fb21f0000-7f5fb21f1000 r--p 00007000 08:12 1188494                    /usr/lib/jvm/java-7-openjdk-amd64/jre/lib/amd64/libzip.so
7f5fb21f1000-7f5fb21f2000 rw-p 00008000 08:12 1188494                    /usr/lib/jvm/java-7-openjdk-amd64/jre/lib/amd64/libzip.so
7f5fb21f2000-7f5fb21fd000 r-xp 00000000 08:12 3412406                    /lib/x86_64-linux-gnu/libnss_files-2.19.so
7f5fb21fd000-7f5fb23fc000 ---p 0000b000 08:12 3412406                    /lib/x86_64-linux-gnu/libnss_files-2.19.so
7f5fb23fc000-7f5fb23fd000 r--p 0000a000 08:12 3412406                    /lib/x86_64-linux-gnu/libnss_files-2.19.so
7f5fb23fd000-7f5fb23fe000 rw-p 0000b000 08:12 3412406                    /lib/x86_64-linux-gnu/libnss_files-2.19.so
7f5fb23fe000-7f5fb2409000 r-xp 00000000 08:12 3412408                    /lib/x86_64-linux-gnu/libnss_nis-2.19.so
7f5fb2409000-7f5fb2608000 ---p 0000b000 08:12 3412408                    /lib/x86_64-linux-gnu/libnss_nis-2.19.so
7f5fb2608000-7f5fb2609000 r--p 0000a000 08:12 3412408                    /lib/x86_64-linux-gnu/libnss_nis-2.19.so
7f5fb2609000-7f5fb260a000 rw-p 0000b000 08:12 3412408                    /lib/x86_64-linux-gnu/libnss_nis-2.19.so
7f5fb260a000-7f5fb2621000 r-xp 00000000 08:12 3412392                    /lib/x86_64-linux-gnu/libnsl-2.19.so
7f5fb2621000-7f5fb2820000 ---p 00017000 08:12 3412392                    /lib/x86_64-linux-gnu/libnsl-2.19.so
7f5fb2820000-7f5fb2821000 r--p 00016000 08:12 3412392                    /lib/x86_64-linux-gnu/libnsl-2.19.so
7f5fb2821000-7f5fb2822000 rw-p 00017000 08:12 3412392                    /lib/x86_64-linux-gnu/libnsl-2.19.so
7f5fb2822000-7f5fb2824000 rw-p 00000000 00:00 0 
7f5fb2824000-7f5fb282d000 r-xp 00000000 08:12 3412393                    /lib/x86_64-linux-gnu/libnss_compat-2.19.so
7f5fb282d000-7f5fb2a2c000 ---p 00009000 08:12 3412393                    /lib/x86_64-linux-gnu/libnss_compat-2.19.so
7f5fb2a2c000-7f5fb2a2d000 r--p 00008000 08:12 3412393                    /lib/x86_64-linux-gnu/libnss_compat-2.19.so
7f5fb2a2d000-7f5fb2a2e000 rw-p 00009000 08:12 3412393                    /lib/x86_64-linux-gnu/libnss_compat-2.19.so
7f5fb2a2e000-7f5fb2a5b000 r-xp 00000000 08:12 1188492                    /usr/lib/jvm/java-7-openjdk-amd64/jre/lib/amd64/libjava.so
7f5fb2a5b000-7f5fb2c5a000 ---p 0002d000 08:12 1188492                    /usr/lib/jvm/java-7-openjdk-amd64/jre/lib/amd64/libjava.so
7f5fb2c5a000-7f5fb2c5b000 r--p 0002c000 08:12 1188492                    /usr/lib/jvm/java-7-openjdk-amd64/jre/lib/amd64/libjava.so
7f5fb2c5b000-7f5fb2c5d000 rw-p 0002d000 08:12 1188492                    /usr/lib/jvm/java-7-openjdk-amd64/jre/lib/amd64/libjava.so
7f5fb2c5d000-7f5fb2c6e000 r-xp 00000000 08:12 1188511                    /usr/lib/jvm/java-7-openjdk-amd64/jre/lib/amd64/libverify.so
7f5fb2c6e000-7f5fb2e6d000 ---p 00011000 08:12 1188511                    /usr/lib/jvm/java-7-openjdk-amd64/jre/lib/amd64/libverify.so
7f5fb2e6d000-7f5fb2e6f000 r--p 00010000 08:12 1188511                    /usr/lib/jvm/java-7-openjdk-amd64/jre/lib/amd64/libverify.so
7f5fb2e6f000-7f5fb2e70000 rw-p 00012000 08:12 1188511                    /usr/lib/jvm/java-7-openjdk-amd64/jre/lib/amd64/libverify.so
7f5fb2e70000-7f5fb2e77000 r-xp 00000000 08:12 3412409                    /lib/x86_64-linux-gnu/librt-2.19.so
7f5fb2e77000-7f5fb3076000 ---p 00007000 08:12 3412409                    /lib/x86_64-linux-gnu/librt-2.19.so
7f5fb3076000-7f5fb3077000 r--p 00006000 08:12 3412409                    /lib/x86_64-linux-gnu/librt-2.19.so
7f5fb3077000-7f5fb3078000 rw-p 00007000 08:12 3412409                    /lib/x86_64-linux-gnu/librt-2.19.so
7f5fb3078000-7f5fb308e000 r-xp 00000000 08:12 3412127                    /lib/x86_64-linux-gnu/libgcc_s.so.1
7f5fb308e000-7f5fb328d000 ---p 00016000 08:12 3412127                    /lib/x86_64-linux-gnu/libgcc_s.so.1
7f5fb328d000-7f5fb328e000 r--p 00015000 08:12 3412127                    /lib/x86_64-linux-gnu/libgcc_s.so.1
7f5fb328e000-7f5fb328f000 rw-p 00016000 08:12 3412127                    /lib/x86_64-linux-gnu/libgcc_s.so.1
7f5fb328f000-7f5fb3394000 r-xp 00000000 08:12 3412388                    /lib/x86_64-linux-gnu/libm-2.19.so
7f5fb3394000-7f5fb3593000 ---p 00105000 08:12 3412388                    /lib/x86_64-linux-gnu/libm-2.19.so
7f5fb3593000-7f5fb3594000 r--p 00104000 08:12 3412388                    /lib/x86_64-linux-gnu/libm-2.19.so
7f5fb3594000-7f5fb3595000 rw-p 00105000 08:12 3412388                    /lib/x86_64-linux-gnu/libm-2.19.so
7f5fb3595000-7f5fb3685000 r-xp 00000000 08:12 665329                     /usr/lib/x86_64-linux-gnu/libstdc++.so.6.0.20
7f5fb3685000-7f5fb3885000 ---p 000f0000 08:12 665329                     /usr/lib/x86_64-linux-gnu/libstdc++.so.6.0.20
7f5fb3885000-7f5fb388d000 r--p 000f0000 08:12 665329                     /usr/lib/x86_64-linux-gnu/libstdc++.so.6.0.20
7f5fb388d000-7f5fb388f000 rw-p 000f8000 08:12 665329                     /usr/lib/x86_64-linux-gnu/libstdc++.so.6.0.20
7f5fb388f000-7f5fb38a4000 rw-p 00000000 00:00 0 
7f5fb38a4000-7f5fb43f3000 r-xp 00000000 08:12 1188520                    /usr/lib/jvm/java-7-openjdk-amd64/jre/lib/amd64/server/libjvm.so
7f5fb43f3000-7f5fb45f3000 ---p 00b4f000 08:12 1188520                    /usr/lib/jvm/java-7-openjdk-amd64/jre/lib/amd64/server/libjvm.so
7f5fb45f3000-7f5fb4693000 r--p 00b4f000 08:12 1188520                    /usr/lib/jvm/java-7-openjdk-amd64/jre/lib/amd64/server/libjvm.so
7f5fb4693000-7f5fb46b6000 rw-p 00bef000 08:12 1188520                    /usr/lib/jvm/java-7-openjdk-amd64/jre/lib/amd64/server/libjvm.so
7f5fb46b6000-7f5fb46e3000 rw-p 00000000 00:00 0 
7f5fb46e3000-7f5fb46fb000 r-xp 00000000 08:12 3412271                    /lib/x86_64-linux-gnu/libz.so.1.2.8
7f5fb46fb000-7f5fb48fa000 ---p 00018000 08:12 3412271                    /lib/x86_64-linux-gnu/libz.so.1.2.8
7f5fb48fa000-7f5fb48fb000 r--p 00017000 08:12 3412271                    /lib/x86_64-linux-gnu/libz.so.1.2.8
7f5fb48fb000-7f5fb48fc000 rw-p 00018000 08:12 3412271                    /lib/x86_64-linux-gnu/libz.so.1.2.8
7f5fb48fc000-7f5fb4915000 r-xp 00000000 08:12 3412396                    /lib/x86_64-linux-gnu/libpthread-2.19.so
7f5fb4915000-7f5fb4b14000 ---p 00019000 08:12 3412396                    /lib/x86_64-linux-gnu/libpthread-2.19.so
7f5fb4b14000-7f5fb4b15000 r--p 00018000 08:12 3412396                    /lib/x86_64-linux-gnu/libpthread-2.19.so
7f5fb4b15000-7f5fb4b16000 rw-p 00019000 08:12 3412396                    /lib/x86_64-linux-gnu/libpthread-2.19.so
7f5fb4b16000-7f5fb4b1a000 rw-p 00000000 00:00 0 
7f5fb4b1a000-7f5fb4b1d000 r-xp 00000000 08:12 3412395                    /lib/x86_64-linux-gnu/libdl-2.19.so
7f5fb4b1d000-7f5fb4d1c000 ---p 00003000 08:12 3412395                    /lib/x86_64-linux-gnu/libdl-2.19.so
7f5fb4d1c000-7f5fb4d1d000 r--p 00002000 08:12 3412395                    /lib/x86_64-linux-gnu/libdl-2.19.so
7f5fb4d1d000-7f5fb4d1e000 rw-p 00003000 08:12 3412395                    /lib/x86_64-linux-gnu/libdl-2.19.so
7f5fb4d1e000-7f5fb4ed8000 r-xp 00000000 08:12 3412407                    /lib/x86_64-linux-gnu/libc-2.19.so
7f5fb4ed8000-7f5fb50d7000 ---p 001ba000 08:12 3412407                    /lib/x86_64-linux-gnu/libc-2.19.so
7f5fb50d7000-7f5fb50db000 r--p 001b9000 08:12 3412407                    /lib/x86_64-linux-gnu/libc-2.19.so
7f5fb50db000-7f5fb50dd000 rw-p 001bd000 08:12 3412407                    /lib/x86_64-linux-gnu/libc-2.19.so
7f5fb50dd000-7f5fb50e2000 rw-p 00000000 00:00 0 
7f5fb50e2000-7f5fb50ef000 r-xp 00000000 08:12 1188522                    /usr/lib/jvm/java-7-openjdk-amd64/jre/lib/amd64/jli/libjli.so
7f5fb50ef000-7f5fb52ee000 ---p 0000d000 08:12 1188522                    /usr/lib/jvm/java-7-openjdk-amd64/jre/lib/amd64/jli/libjli.so
7f5fb52ee000-7f5fb52ef000 r--p 0000c000 08:12 1188522                    /usr/lib/jvm/java-7-openjdk-amd64/jre/lib/amd64/jli/libjli.so
7f5fb52ef000-7f5fb52f0000 rw-p 0000d000 08:12 1188522                    /usr/lib/jvm/java-7-openjdk-amd64/jre/lib/amd64/jli/libjli.so
7f5fb52f0000-7f5fb5313000 r-xp 00000000 08:12 3412402                    /lib/x86_64-linux-gnu/ld-2.19.so
7f5fb5314000-7f5fb5337000 rw-p 00000000 00:00 0 
7f5fb5337000-7f5fb53ed000 rw-p 00000000 00:00 0 
7f5fb53ed000-7f5fb53f0000 ---p 00000000 00:00 0 
7f5fb53f0000-7f5fb54f3000 rw-p 00000000 00:00 0                          [stack:25504]
7f5fb54f3000-7f5fb54f6000 r--s 0000f000 08:12 1188551                    /usr/lib/jvm/java-7-openjdk-amd64/jre/lib/ext/icedtea-sound.jar
7f5fb54f6000-7f5fb54f7000 r--s 00002000 08:12 1188550                    /usr/lib/jvm/java-7-openjdk-amd64/jre/lib/ext/dnsns.jar
7f5fb54f7000-7f5fb54f9000 r--s 00006000 08:12 1067560                    /usr/share/java/java-atk-wrapper.jar
7f5fb54f9000-7f5fb54fb000 r--s 00012000 08:12 1188553                    /usr/lib/jvm/java-7-openjdk-amd64/jre/lib/ext/zipfs.jar
7f5fb54fb000-7f5fb54ff000 r--s 0003c000 08:12 1188555                    /usr/lib/jvm/java-7-openjdk-amd64/jre/lib/ext/sunpkcs11.jar
7f5fb54ff000-7f5fb5503000 r--s 00034000 08:12 1188554                    /usr/lib/jvm/java-7-openjdk-amd64/jre/lib/ext/sunjce_provider.jar
7f5fb5503000-7f5fb5506000 r--s 00086000 08:12 1188552                    /usr/lib/jvm/java-7-openjdk-amd64/jre/lib/ext/localedata.jar
7f5fb5506000-7f5fb550e000 rw-s 00000000 08:12 524373                     /tmp/hsperfdata_guillaume/25495
7f5fb550e000-7f5fb550f000 rw-p 00000000 00:00 0 
7f5fb550f000-7f5fb5510000 ---p 00000000 00:00 0 
7f5fb5510000-7f5fb5512000 rw-p 00000000 00:00 0 
7f5fb5512000-7f5fb5513000 r--p 00022000 08:12 3412402                    /lib/x86_64-linux-gnu/ld-2.19.so
7f5fb5513000-7f5fb5514000 rw-p 00023000 08:12 3412402                    /lib/x86_64-linux-gnu/ld-2.19.so
7f5fb5514000-7f5fb5515000 rw-p 00000000 00:00 0 
7ffecbbb7000-7ffecbbd8000 rw-p 00000000 00:00 0                          [stack]
7ffecbbeb000-7ffecbbed000 r-xp 00000000 00:00 0                          [vdso]
7ffecbbed000-7ffecbbef000 r--p 00000000 00:00 0                          [vvar]
ffffffffff600000-ffffffffff601000 r-xp 00000000 00:00 0                  [vsyscall]

VM Arguments:
jvm_args: -Xmx1024M 
java_command: /home/guillaume/Android/Sdk/build-tools/22.0.1/lib/dx.jar --dex --no-optimize --output /home/guillaume/AndroidStudioProjects/Weather/mobile/build/intermediates/dex/debug --input-list=/home/guillaume/AndroidStudioProjects/Weather/mobile/build/intermediates/tmp/dex/debug/inputList.txt
Launcher Type: SUN_STANDARD

Environment Variables:
CLASSPATH=./../lib/bootstrap.jar:./../lib/extensions.jar:./../lib/util.jar:./../lib/jdom.jar:./../lib/log4j.jar:./../lib/trove4j.jar:./../lib/jna.jar:/usr/lib/jvm/java-7-openjdk-amd64/lib/tools.jar
PATH=/usr/local/sbin:/usr/local/bin:/usr/sbin:/usr/bin:/sbin:/bin:/usr/games:/usr/local/games
USERNAME=guillaume
LD_LIBRARY_PATH=.:
SHELL=/bin/bash
DISPLAY=:0

Signal Handlers:
SIGSEGV: [libjvm.so+0x983340], sa_mask[0]=0x7ffbfeff, sa_flags=0x10000004
SIGBUS: [libjvm.so+0x983340], sa_mask[0]=0x7ffbfeff, sa_flags=0x10000004
SIGFPE: [libjvm.so+0x7efd90], sa_mask[0]=0x7ffbfeff, sa_flags=0x10000004
SIGPIPE: [libjvm.so+0x7efd90], sa_mask[0]=0x7ffbfeff, sa_flags=0x10000004
SIGXFSZ: [libjvm.so+0x7efd90], sa_mask[0]=0x7ffbfeff, sa_flags=0x10000004
SIGILL: [libjvm.so+0x7efd90], sa_mask[0]=0x7ffbfeff, sa_flags=0x10000004
SIGUSR1: SIG_DFL, sa_mask[0]=0x00000000, sa_flags=0x00000000
SIGUSR2: [libjvm.so+0x7efc10], sa_mask[0]=0x00000204, sa_flags=0x10000004
SIGHUP: [libjvm.so+0x7efe10], sa_mask[0]=0x7ffbfeff, sa_flags=0x10000004
SIGINT: [libjvm.so+0x7efe10], sa_mask[0]=0x7ffbfeff, sa_flags=0x10000004
SIGTERM: [libjvm.so+0x7efe10], sa_mask[0]=0x7ffbfeff, sa_flags=0x10000004
SIGQUIT: [libjvm.so+0x7efe10], sa_mask[0]=0x7ffbfeff, sa_flags=0x10000004
SIGTRAP: SIG_DFL, sa_mask[0]=0x00000000, sa_flags=0x00000000


---------------  S Y S T E M  ---------------

OS:Ubuntu 14.10 (utopic)
uname:Linux 3.16.0-34-generic #45-Ubuntu SMP Mon Mar 23 17:21:27 UTC 2015 x86_64
libc:glibc 2.19 NPTL 2.19 
rlimit: STACK 8192k, CORE 0k, NPROC 31640, NOFILE 4096, AS infinity
load average:0,83 0,71 0,76

/proc/meminfo:
MemTotal:        8122336 kB
MemFree:          135372 kB
MemAvailable:     122604 kB
Buffers:             856 kB
Cached:          2205768 kB
SwapCached:            0 kB
Active:          5643308 kB
Inactive:        1966752 kB
Active(anon):    5628456 kB
Inactive(anon):  1954608 kB
Active(file):      14852 kB
Inactive(file):    12144 kB
Unevictable:        2432 kB
Mlocked:            2432 kB
SwapTotal:             0 kB
SwapFree:              0 kB
Dirty:              1888 kB
Writeback:           184 kB
AnonPages:       5405760 kB
Mapped:           547392 kB
Shmem:           2180432 kB
Slab:             187456 kB
SReclaimable:     116388 kB
SUnreclaim:        71068 kB
KernelStack:       14752 kB
PageTables:        64028 kB
NFS_Unstable:          0 kB
Bounce:                0 kB
WritebackTmp:          0 kB
CommitLimit:     4061168 kB
Committed_AS:   15741360 kB
VmallocTotal:   34359738367 kB
VmallocUsed:      571096 kB
VmallocChunk:   34359150580 kB
HardwareCorrupted:     0 kB
AnonHugePages:    681984 kB
HugePages_Total:       0
HugePages_Free:        0
HugePages_Rsvd:        0
HugePages_Surp:        0
Hugepagesize:       2048 kB
DirectMap4k:      125184 kB
DirectMap2M:     8210432 kB


CPU:total 8 (4 cores per cpu, 2 threads per core) family 6 model 42 stepping 7, cmov, cx8, fxsr, mmx, sse, sse2, sse3, ssse3, sse4.1, sse4.2, popcnt, avx, aes, ht, tsc, tscinvbit

/proc/cpuinfo:
processor	: 0
vendor_id	: GenuineIntel
cpu family	: 6
model		: 42
model name	: Intel(R) Core(TM) i7-2670QM CPU @ 2.20GHz
stepping	: 7
microcode	: 0x1a
cpu MHz		: 2799.929
cache size	: 6144 KB
physical id	: 0
siblings	: 8
core id		: 0
cpu cores	: 4
apicid		: 0
initial apicid	: 0
fpu		: yes
fpu_exception	: yes
cpuid level	: 13
wp		: yes
flags		: fpu vme de pse tsc msr pae mce cx8 apic sep mtrr pge mca cmov pat pse36 clflush dts acpi mmx fxsr sse sse2 ss ht tm pbe syscall nx rdtscp lm constant_tsc arch_perfmon pebs bts rep_good nopl xtopology nonstop_tsc aperfmperf eagerfpu pni pclmulqdq dtes64 monitor ds_cpl vmx est tm2 ssse3 cx16 xtpr pdcm pcid sse4_1 sse4_2 x2apic popcnt tsc_deadline_timer aes xsave avx lahf_lm ida arat epb xsaveopt pln pts dtherm tpr_shadow vnmi flexpriority ept vpid
bogomips	: 4390.43
clflush size	: 64
cache_alignment	: 64
address sizes	: 36 bits physical, 48 bits virtual
power management:

processor	: 1
vendor_id	: GenuineIntel
cpu family	: 6
model		: 42
model name	: Intel(R) Core(TM) i7-2670QM CPU @ 2.20GHz
stepping	: 7
microcode	: 0x1a
cpu MHz		: 2917.750
cache size	: 6144 KB
physical id	: 0
siblings	: 8
core id		: 0
cpu cores	: 4
apicid		: 1
initial apicid	: 1
fpu		: yes
fpu_exception	: yes
cpuid level	: 13
wp		: yes
flags		: fpu vme de pse tsc msr pae mce cx8 apic sep mtrr pge mca cmov pat pse36 clflush dts acpi mmx fxsr sse sse2 ss ht tm pbe syscall nx rdtscp lm constant_tsc arch_perfmon pebs bts rep_good nopl xtopology nonstop_tsc aperfmperf eagerfpu pni pclmulqdq dtes64 monitor ds_cpl vmx est tm2 ssse3 cx16 xtpr pdcm pcid sse4_1 sse4_2 x2apic popcnt tsc_deadline_timer aes xsave avx lahf_lm ida arat epb xsaveopt pln pts dtherm tpr_shadow vnmi flexpriority ept vpid
bogomips	: 4390.43
clflush size	: 64
cache_alignment	: 64
address sizes	: 36 bits physical, 48 bits virtual
power management:

processor	: 2
vendor_id	: GenuineIntel
cpu family	: 6
model		: 42
model name	: Intel(R) Core(TM) i7-2670QM CPU @ 2.20GHz
stepping	: 7
microcode	: 0x1a
cpu MHz		: 1826.859
cache size	: 6144 KB
physical id	: 0
siblings	: 8
core id		: 1
cpu cores	: 4
apicid		: 2
initial apicid	: 2
fpu		: yes
fpu_exception	: yes
cpuid level	: 13
wp		: yes
flags		: fpu vme de pse tsc msr pae mce cx8 apic sep mtrr pge mca cmov pat pse36 clflush dts acpi mmx fxsr sse sse2 ss ht tm pbe syscall nx rdtscp lm constant_tsc arch_perfmon pebs bts rep_good nopl xtopology nonstop_tsc aperfmperf eagerfpu pni pclmulqdq dtes64 monitor ds_cpl vmx est tm2 ssse3 cx16 xtpr pdcm pcid sse4_1 sse4_2 x2apic popcnt tsc_deadline_timer aes xsave avx lahf_lm ida arat epb xsaveopt pln pts dtherm tpr_shadow vnmi flexpriority ept vpid
bogomips	: 4390.43
clflush size	: 64
cache_alignment	: 64
address sizes	: 36 bits physical, 48 bits virtual
power management:

processor	: 3
vendor_id	: GenuineIntel
cpu family	: 6
model		: 42
model name	: Intel(R) Core(TM) i7-2670QM CPU @ 2.20GHz
stepping	: 7
microcode	: 0x1a
cpu MHz		: 2799.929
cache size	: 6144 KB
physical id	: 0
siblings	: 8
core id		: 1
cpu cores	: 4
apicid		: 3
initial apicid	: 3
fpu		: yes
fpu_exception	: yes
cpuid level	: 13
wp		: yes
flags		: fpu vme de pse tsc msr pae mce cx8 apic sep mtrr pge mca cmov pat pse36 clflush dts acpi mmx fxsr sse sse2 ss ht tm pbe syscall nx rdtscp lm constant_tsc arch_perfmon pebs bts rep_good nopl xtopology nonstop_tsc aperfmperf eagerfpu pni pclmulqdq dtes64 monitor ds_cpl vmx est tm2 ssse3 cx16 xtpr pdcm pcid sse4_1 sse4_2 x2apic popcnt tsc_deadline_timer aes xsave avx lahf_lm ida arat epb xsaveopt pln pts dtherm tpr_shadow vnmi flexpriority ept vpid
bogomips	: 4390.43
clflush size	: 64
cache_alignment	: 64
address sizes	: 36 bits physical, 48 bits virtual
power management:

processor	: 4
vendor_id	: GenuineIntel
cpu family	: 6
model		: 42
model name	: Intel(R) Core(TM) i7-2670QM CPU @ 2.20GHz
stepping	: 7
microcode	: 0x1a
cpu MHz		: 2671.453
cache size	: 6144 KB
physical id	: 0
siblings	: 8
core id		: 2
cpu cores	: 4
apicid		: 4
initial apicid	: 4
fpu		: yes
fpu_exception	: yes
cpuid level	: 13
wp		: yes
flags		: fpu vme de pse tsc msr pae mce cx8 apic sep mtrr pge mca cmov pat pse36 clflush dts acpi mmx fxsr sse sse2 ss ht tm pbe syscall nx rdtscp lm constant_tsc arch_perfmon pebs bts rep_good nopl xtopology nonstop_tsc aperfmperf eagerfpu pni pclmulqdq dtes64 monitor ds_cpl vmx est tm2 ssse3 cx16 xtpr pdcm pcid sse4_1 sse4_2 x2apic popcnt tsc_deadline_timer aes xsave avx lahf_lm ida arat epb xsaveopt pln pts dtherm tpr_shadow vnmi flexpriority ept vpid
bogomips	: 4390.43
clflush size	: 64
cache_alignment	: 64
address sizes	: 36 bits physical, 48 bits virtual
power management:

processor	: 5
vendor_id	: GenuineIntel
cpu family	: 6
model		: 42
model name	: Intel(R) Core(TM) i7-2670QM CPU @ 2.20GHz
stepping	: 7
microcode	: 0x1a
cpu MHz		: 2793.226
cache size	: 6144 KB
physical id	: 0
siblings	: 8
core id		: 2
cpu cores	: 4
apicid		: 5
initial apicid	: 5
fpu		: yes
fpu_exception	: yes
cpuid level	: 13
wp		: yes
flags		: fpu vme de pse tsc msr pae mce cx8 apic sep mtrr pge mca cmov pat pse36 clflush dts acpi mmx fxsr sse sse2 ss ht tm pbe syscall nx rdtscp lm constant_tsc arch_perfmon pebs bts rep_good nopl xtopology nonstop_tsc aperfmperf eagerfpu pni pclmulqdq dtes64 monitor ds_cpl vmx est tm2 ssse3 cx16 xtpr pdcm pcid sse4_1 sse4_2 x2apic popcnt tsc_deadline_timer aes xsave avx lahf_lm ida arat epb xsaveopt pln pts dtherm tpr_shadow vnmi flexpriority ept vpid
bogomips	: 4390.43
clflush size	: 64
cache_alignment	: 64
address sizes	: 36 bits physical, 48 bits virtual
power management:

processor	: 6
vendor_id	: GenuineIntel
cpu family	: 6
model		: 42
model name	: Intel(R) Core(TM) i7-2670QM CPU @ 2.20GHz
stepping	: 7
microcode	: 0x1a
cpu MHz		: 2800.445
cache size	: 6144 KB
physical id	: 0
siblings	: 8
core id		: 3
cpu cores	: 4
apicid		: 6
initial apicid	: 6
fpu		: yes
fpu_exception	: yes
cpuid level	: 13
wp		: yes
flags		: fpu vme de pse tsc msr pae mce cx8 apic sep mtrr pge mca cmov pat pse36 clflush dts acpi mmx fxsr sse sse2 ss ht tm pbe syscall nx rdtscp lm constant_tsc arch_perfmon pebs bts rep_good nopl xtopology nonstop_tsc aperfmperf eagerfpu pni pclmulqdq dtes64 monitor ds_cpl vmx est tm2 ssse3 cx16 xtpr pdcm pcid sse4_1 sse4_2 x2apic popcnt tsc_deadline_timer aes xsave avx lahf_lm ida arat epb xsaveopt pln pts dtherm tpr_shadow vnmi flexpriority ept vpid
bogomips	: 4390.43
clflush size	: 64
cache_alignment	: 64
address sizes	: 36 bits physical, 48 bits virtual
power management:

processor	: 7
vendor_id	: GenuineIntel
cpu family	: 6
model		: 42
model name	: Intel(R) Core(TM) i7-2670QM CPU @ 2.20GHz
stepping	: 7
microcode	: 0x1a
cpu MHz		: 2800.015
cache size	: 6144 KB
physical id	: 0
siblings	: 8
core id		: 3
cpu cores	: 4
apicid		: 7
initial apicid	: 7
fpu		: yes
fpu_exception	: yes
cpuid level	: 13
wp		: yes
flags		: fpu vme de pse tsc msr pae mce cx8 apic sep mtrr pge mca cmov pat pse36 clflush dts acpi mmx fxsr sse sse2 ss ht tm pbe syscall nx rdtscp lm constant_tsc arch_perfmon pebs bts rep_good nopl xtopology nonstop_tsc aperfmperf eagerfpu pni pclmulqdq dtes64 monitor ds_cpl vmx est tm2 ssse3 cx16 xtpr pdcm pcid sse4_1 sse4_2 x2apic popcnt tsc_deadline_timer aes xsave avx lahf_lm ida arat epb xsaveopt pln pts dtherm tpr_shadow vnmi flexpriority ept vpid
bogomips	: 4390.43
clflush size	: 64
cache_alignment	: 64
address sizes	: 36 bits physical, 48 bits virtual
power management:



Memory: 4k page, physical 8122336k(136084k free), swap 0k(0k free)

vm_info: OpenJDK 64-Bit Server VM (24.75-b04) for linux-amd64 JRE (1.7.0_75-b13), built on Jan 27 2015 00:46:28 by "buildd" with gcc 4.9.1

time: Sat Apr 11 14:09:46 2015
elapsed time: 2 seconds

