#
# There is insufficient memory for the Java Runtime Environment to continue.
# Native memory allocation (malloc) failed to allocate 180355072 bytes for committing reserved memory.
# Possible reasons:
#   The system is out of physical RAM or swap space
#   In 32 bit mode, the process size limit was hit
# Possible solutions:
#   Reduce memory load on the system
#   Increase physical memory or swap space
#   Check if swap backing store is full
#   Use 64 bit Java on a 64 bit OS
#   Decrease Java heap size (-Xmx/-Xms)
#   Decrease number of Java threads
#   Decrease Java thread stack sizes (-Xss)
#   Set larger code cache with -XX:ReservedCodeCacheSize=
# This output file may be truncated or incomplete.
#
#  Out of Memory Error (os_linux.cpp:2798), pid=25084, tid=140468195964672
#
# JRE version: OpenJDK Runtime Environment (7.0_75-b13) (build 1.7.0_75-b13)
# Java VM: OpenJDK 64-Bit Server VM (24.75-b04 mixed mode linux-amd64 compressed oops)
# Derivative: IcedTea 2.5.4
# Distribution: Ubuntu 14.10, package 7u75-2.5.4-1~utopic1
# Failed to write core dump. Core dumps have been disabled. To enable core dumping, try "ulimit -c unlimited" before starting Java again
#

---------------  T H R E A D  ---------------

Current thread (0x00007fc1601c6000):  VMThread [stack: 0x00007fc14cdc3000,0x00007fc14cec4000] [id=25102]

Stack: [0x00007fc14cdc3000,0x00007fc14cec4000],  sp=0x00007fc14cec24a0,  free space=1021k
Native frames: (J=compiled Java code, j=interpreted, Vv=VM code, C=native code)
V  [libjvm.so+0x982856]  VMError::report_and_die()+0x186
V  [libjvm.so+0x48fc22]  report_vm_out_of_memory(char const*, int, unsigned long, char const*)+0x92
V  [libjvm.so+0x7f483b]  os::pd_commit_memory(char*, unsigned long, unsigned long, bool)+0xeb
V  [libjvm.so+0x7eef4e]  os::commit_memory(char*, unsigned long, unsigned long, bool)+0x2e
V  [libjvm.so+0x861d6b]  PSVirtualSpace::expand_by(unsigned long)+0x5b
V  [libjvm.so+0x862c23]  PSYoungGen::resize_generation(unsigned long, unsigned long)+0xd3
V  [libjvm.so+0x86333b]  PSYoungGen::resize(unsigned long, unsigned long)+0x1b
V  [libjvm.so+0x85ed39]  PSScavenge::invoke_no_policy()+0xdc9
V  [libjvm.so+0x85f518]  PSScavenge::invoke()+0x38
V  [libjvm.so+0x816e73]  ParallelScavengeHeap::failed_mem_allocate(unsigned long)+0x63
V  [libjvm.so+0x984122]  VM_ParallelGCFailedAllocation::doit()+0x92
V  [libjvm.so+0x9889a7]  VM_Operation::evaluate()+0x47
V  [libjvm.so+0x986f9b]  VMThread::evaluate_operation(VM_Operation*)+0xab
V  [libjvm.so+0x987646]  VMThread::loop()+0x1e6
V  [libjvm.so+0x987b11]  VMThread::run()+0x81
V  [libjvm.so+0x7f1522]  java_start(Thread*)+0xf2

VM_Operation (0x00007fc1687264e0): ParallelGCFailedAllocation, mode: safepoint, requested by thread 0x00007fc16000a000


---------------  P R O C E S S  ---------------

Java Threads: ( => current thread )
  0x00007fc160200000 JavaThread "Service Thread" daemon [_thread_blocked, id=25108, stack(0x00007fc147eff000,0x00007fc148000000)]
  0x00007fc1601fd800 JavaThread "C2 CompilerThread1" daemon [_thread_blocked, id=25107, stack(0x00007fc14c068000,0x00007fc14c169000)]
  0x00007fc1601fa800 JavaThread "C2 CompilerThread0" daemon [_thread_blocked, id=25106, stack(0x00007fc14c169000,0x00007fc14c26a000)]
  0x00007fc1601f8800 JavaThread "Signal Dispatcher" daemon [_thread_blocked, id=25105, stack(0x00007fc14c26a000,0x00007fc14c36b000)]
  0x00007fc1601cc800 JavaThread "Finalizer" daemon [_thread_blocked, id=25104, stack(0x00007fc14cbc1000,0x00007fc14ccc2000)]
  0x00007fc1601ca800 JavaThread "Reference Handler" daemon [_thread_blocked, id=25103, stack(0x00007fc14ccc2000,0x00007fc14cdc3000)]
  0x00007fc16000a000 JavaThread "main" [_thread_blocked, id=25093, stack(0x00007fc168627000,0x00007fc168728000)]

Other Threads:
=>0x00007fc1601c6000 VMThread [stack: 0x00007fc14cdc3000,0x00007fc14cec4000] [id=25102]
  0x00007fc16020a800 WatcherThread [stack: 0x00007fc147dfe000,0x00007fc147eff000] [id=25109]

VM state:at safepoint (normal execution)

VM Mutex/Monitor currently owned by a thread:  ([mutex/lock_event])
[0x00007fc160006680] Threads_lock - owner thread: 0x00007fc1601c6000
[0x00007fc160006b80] Heap_lock - owner thread: 0x00007fc16000a000

Heap
 PSYoungGen      total 134144K, used 5114K [0x00000000eaa80000, 0x00000000f3280000, 0x0000000100000000)
  eden space 129024K, 0% used [0x00000000eaa80000,0x00000000eaa80000,0x00000000f2880000)
  from space 5120K, 99% used [0x00000000f2880000,0x00000000f2d7ea90,0x00000000f2d80000)
  to   space 5120K, 0% used [0x00000000f2d80000,0x00000000f2d80000,0x00000000f3280000)
 ParOldGen       total 84480K, used 57266K [0x00000000c0000000, 0x00000000c5280000, 0x00000000eaa80000)
  object space 84480K, 67% used [0x00000000c0000000,0x00000000c37eca30,0x00000000c5280000)
 PSPermGen       total 21504K, used 7064K [0x00000000b5a00000, 0x00000000b6f00000, 0x00000000c0000000)
  object space 21504K, 32% used [0x00000000b5a00000,0x00000000b60e6178,0x00000000b6f00000)

Card table byte_map: [0x00007fc164fcf000,0x00007fc165223000] byte_map_base: 0x00007fc164a22000

Polling page: 0x00007fc168749000

Code Cache  [0x00007fc15d000000, 0x00007fc15d270000, 0x00007fc160000000)
 total_blobs=853 nmethods=601 adapters=205 free_code_cache=47504Kb largest_free_block=48602816

Compilation events (10 events):
Event: 2,643 Thread 0x00007fc1601fa800 nmethod 603 0x00007fc15d1a2a10 code [0x00007fc15d1a2b40, 0x00007fc15d1a2b98]
Event: 2,643 Thread 0x00007fc1601fa800  604             com.android.dx.io.instructions.FiveRegisterDecodedInstruction::getD (5 bytes)
Event: 2,643 Thread 0x00007fc1601fa800 nmethod 604 0x00007fc15d1a2810 code [0x00007fc15d1a2940, 0x00007fc15d1a2998]
Event: 2,644 Thread 0x00007fc1601fd800 nmethod 598 0x00007fc15d07f5d0 code [0x00007fc15d07f720, 0x00007fc15d07f8f8]
Event: 2,692 Thread 0x00007fc1601fa800  605             com.android.dex.EncodedValueCodec::writeUnsignedIntegralValue (66 bytes)
Event: 2,703 Thread 0x00007fc1601fd800  606             com.android.dx.io.instructions.InstructionCodec$14::decode (53 bytes)
Event: 2,703 Thread 0x00007fc1601fa800 nmethod 605 0x00007fc15d07e850 code [0x00007fc15d07e9e0, 0x00007fc15d07f158]
Event: 2,703 Thread 0x00007fc1601fa800  607             com.android.dx.io.instructions.InstructionCodec$14::encode (29 bytes)
Event: 2,705 Thread 0x00007fc1601fd800 nmethod 606 0x00007fc15d07e310 code [0x00007fc15d07e460, 0x00007fc15d07e638]
Event: 2,705 Thread 0x00007fc1601fa800 nmethod 607 0x00007fc15d1a0850 code [0x00007fc15d1a09c0, 0x00007fc15d1a0bd8]

GC Heap History (9 events):
Event: 0,910 GC heap before
{Heap before GC invocations=1 (full 0):
 PSYoungGen      total 37376K, used 32217K [0x00000000eaa80000, 0x00000000ed400000, 0x0000000100000000)
  eden space 32256K, 99% used [0x00000000eaa80000,0x00000000ec9f6568,0x00000000eca00000)
  from space 5120K, 0% used [0x00000000ecf00000,0x00000000ecf00000,0x00000000ed400000)
  to   space 5120K, 0% used [0x00000000eca00000,0x00000000eca00000,0x00000000ecf00000)
 ParOldGen       total 84480K, used 0K [0x00000000c0000000, 0x00000000c5280000, 0x00000000eaa80000)
  object space 84480K, 0% used [0x00000000c0000000,0x00000000c0000000,0x00000000c5280000)
 PSPermGen       total 21504K, used 5201K [0x00000000b5a00000, 0x00000000b6f00000, 0x00000000c0000000)
  object space 21504K, 24% used [0x00000000b5a00000,0x00000000b5f14470,0x00000000b6f00000)
Event: 0,946 GC heap after
Heap after GC invocations=1 (full 0):
 PSYoungGen      total 37376K, used 5100K [0x00000000eaa80000, 0x00000000ef380000, 0x0000000100000000)
  eden space 32256K, 0% used [0x00000000eaa80000,0x00000000eaa80000,0x00000000eca00000)
  from space 5120K, 99% used [0x00000000eca00000,0x00000000ecefb0a0,0x00000000ecf00000)
  to   space 5120K, 0% used [0x00000000eee80000,0x00000000eee80000,0x00000000ef380000)
 ParOldGen       total 84480K, used 6163K [0x00000000c0000000, 0x00000000c5280000, 0x00000000eaa80000)
  object space 84480K, 7% used [0x00000000c0000000,0x00000000c0604d88,0x00000000c5280000)
 PSPermGen       total 21504K, used 5201K [0x00000000b5a00000, 0x00000000b6f00000, 0x00000000c0000000)
  object space 21504K, 24% used [0x00000000b5a00000,0x00000000b5f14470,0x00000000b6f00000)
}
Event: 1,721 GC heap before
{Heap before GC invocations=2 (full 0):
 PSYoungGen      total 37376K, used 37339K [0x00000000eaa80000, 0x00000000ef380000, 0x0000000100000000)
  eden space 32256K, 99% used [0x00000000eaa80000,0x00000000ec9fbc98,0x00000000eca00000)
  from space 5120K, 99% used [0x00000000eca00000,0x00000000ecefb0a0,0x00000000ecf00000)
  to   space 5120K, 0% used [0x00000000eee80000,0x00000000eee80000,0x00000000ef380000)
 ParOldGen       total 84480K, used 6163K [0x00000000c0000000, 0x00000000c5280000, 0x00000000eaa80000)
  object space 84480K, 7% used [0x00000000c0000000,0x00000000c0604d88,0x00000000c5280000)
 PSPermGen       total 21504K, used 6885K [0x00000000b5a00000, 0x00000000b6f00000, 0x00000000c0000000)
  object space 21504K, 32% used [0x00000000b5a00000,0x00000000b60b95c0,0x00000000b6f00000)
Event: 1,736 GC heap after
Heap after GC invocations=2 (full 0):
 PSYoungGen      total 69632K, used 5096K [0x00000000eaa80000, 0x00000000ef380000, 0x0000000100000000)
  eden space 64512K, 0% used [0x00000000eaa80000,0x00000000eaa80000,0x00000000ee980000)
  from space 5120K, 99% used [0x00000000eee80000,0x00000000ef37a380,0x00000000ef380000)
  to   space 5120K, 0% used [0x00000000ee980000,0x00000000ee980000,0x00000000eee80000)
 ParOldGen       total 84480K, used 14951K [0x00000000c0000000, 0x00000000c5280000, 0x00000000eaa80000)
  object space 84480K, 17% used [0x00000000c0000000,0x00000000c0e99d88,0x00000000c5280000)
 PSPermGen       total 21504K, used 6885K [0x00000000b5a00000, 0x00000000b6f00000, 0x00000000c0000000)
  object space 21504K, 32% used [0x00000000b5a00000,0x00000000b60b95c0,0x00000000b6f00000)
}
Event: 2,146 GC heap before
{Heap before GC invocations=3 (full 0):
 PSYoungGen      total 69632K, used 69608K [0x00000000eaa80000, 0x00000000ef380000, 0x0000000100000000)
  eden space 64512K, 100% used [0x00000000eaa80000,0x00000000ee980000,0x00000000ee980000)
  from space 5120K, 99% used [0x00000000eee80000,0x00000000ef37a380,0x00000000ef380000)
  to   space 5120K, 0% used [0x00000000ee980000,0x00000000ee980000,0x00000000eee80000)
 ParOldGen       total 84480K, used 14951K [0x00000000c0000000, 0x00000000c5280000, 0x00000000eaa80000)
  object space 84480K, 17% used [0x00000000c0000000,0x00000000c0e99d88,0x00000000c5280000)
 PSPermGen       total 21504K, used 6952K [0x00000000b5a00000, 0x00000000b6f00000, 0x00000000c0000000)
  object space 21504K, 32% used [0x00000000b5a00000,0x00000000b60ca2a0,0x00000000b6f00000)
Event: 2,160 GC heap after
Heap after GC invocations=3 (full 0):
 PSYoungGen      total 69632K, used 4592K [0x00000000eaa80000, 0x00000000f3280000, 0x0000000100000000)
  eden space 64512K, 0% used [0x00000000eaa80000,0x00000000eaa80000,0x00000000ee980000)
  from space 5120K, 89% used [0x00000000ee980000,0x00000000eedfc038,0x00000000eee80000)
  to   space 5120K, 0% used [0x00000000f2d80000,0x00000000f2d80000,0x00000000f3280000)
 ParOldGen       total 84480K, used 23664K [0x00000000c0000000, 0x00000000c5280000, 0x00000000eaa80000)
  object space 84480K, 28% used [0x00000000c0000000,0x00000000c171c388,0x00000000c5280000)
 PSPermGen       total 21504K, used 6952K [0x00000000b5a00000, 0x00000000b6f00000, 0x00000000c0000000)
  object space 21504K, 32% used [0x00000000b5a00000,0x00000000b60ca2a0,0x00000000b6f00000)
}
Event: 2,359 GC heap before
{Heap before GC invocations=4 (full 0):
 PSYoungGen      total 69632K, used 69104K [0x00000000eaa80000, 0x00000000f3280000, 0x0000000100000000)
  eden space 64512K, 100% used [0x00000000eaa80000,0x00000000ee980000,0x00000000ee980000)
  from space 5120K, 89% used [0x00000000ee980000,0x00000000eedfc038,0x00000000eee80000)
  to   space 5120K, 0% used [0x00000000f2d80000,0x00000000f2d80000,0x00000000f3280000)
 ParOldGen       total 84480K, used 23664K [0x00000000c0000000, 0x00000000c5280000, 0x00000000eaa80000)
  object space 84480K, 28% used [0x00000000c0000000,0x00000000c171c388,0x00000000c5280000)
 PSPermGen       total 21504K, used 7057K [0x00000000b5a00000, 0x00000000b6f00000, 0x00000000c0000000)
  object space 21504K, 32% used [0x00000000b5a00000,0x00000000b60e46e0,0x00000000b6f00000)
Event: 2,378 GC heap after
Heap after GC invocations=4 (full 0):
 PSYoungGen      total 134144K, used 5118K [0x00000000eaa80000, 0x00000000f3280000, 0x0000000100000000)
  eden space 129024K, 0% used [0x00000000eaa80000,0x00000000eaa80000,0x00000000f2880000)
  from space 5120K, 99% used [0x00000000f2d80000,0x00000000f327f958,0x00000000f3280000)
  to   space 5120K, 0% used [0x00000000f2880000,0x00000000f2880000,0x00000000f2d80000)
 ParOldGen       total 84480K, used 39540K [0x00000000c0000000, 0x00000000c5280000, 0x00000000eaa80000)
  object space 84480K, 46% used [0x00000000c0000000,0x00000000c269d3d0,0x00000000c5280000)
 PSPermGen       total 21504K, used 7057K [0x00000000b5a00000, 0x00000000b6f00000, 0x00000000c0000000)
  object space 21504K, 32% used [0x00000000b5a00000,0x00000000b60e46e0,0x00000000b6f00000)
}
Event: 2,706 GC heap before
{Heap before GC invocations=5 (full 0):
 PSYoungGen      total 134144K, used 134142K [0x00000000eaa80000, 0x00000000f3280000, 0x0000000100000000)
  eden space 129024K, 100% used [0x00000000eaa80000,0x00000000f2880000,0x00000000f2880000)
  from space 5120K, 99% used [0x00000000f2d80000,0x00000000f327f958,0x00000000f3280000)
  to   space 5120K, 0% used [0x00000000f2880000,0x00000000f2880000,0x00000000f2d80000)
 ParOldGen       total 84480K, used 39540K [0x00000000c0000000, 0x00000000c5280000, 0x00000000eaa80000)
  object space 84480K, 46% used [0x00000000c0000000,0x00000000c269d3d0,0x00000000c5280000)
 PSPermGen       total 21504K, used 7064K [0x00000000b5a00000, 0x00000000b6f00000, 0x00000000c0000000)
  object space 21504K, 32% used [0x00000000b5a00000,0x00000000b60e6178,0x00000000b6f00000)

Deoptimization events (10 events):
Event: 2,145 Thread 0x00007fc16000a000 Uncommon trap: reason=array_check action=maybe_recompile pc=0x00007fc15d13a180 method=java.util.ComparableTimSort.binarySort([Ljava/lang/Object;III)V @ 193
Event: 2,216 Thread 0x00007fc16000a000 Uncommon trap: reason=array_check action=maybe_recompile pc=0x00007fc15d13a180 method=java.util.ComparableTimSort.binarySort([Ljava/lang/Object;III)V @ 193
Event: 2,227 Thread 0x00007fc16000a000 Uncommon trap: reason=array_check action=maybe_recompile pc=0x00007fc15d164e0c method=java.util.TimSort.binarySort([Ljava/lang/Object;IIILjava/util/Comparator;)V @ 215
Event: 2,227 Thread 0x00007fc16000a000 Uncommon trap: reason=array_check action=maybe_recompile pc=0x00007fc15d164efc method=java.util.TimSort.binarySort([Ljava/lang/Object;IIILjava/util/Comparator;)V @ 193
Event: 2,228 Thread 0x00007fc16000a000 Uncommon trap: reason=array_check action=maybe_recompile pc=0x00007fc15d164e0c method=java.util.TimSort.binarySort([Ljava/lang/Object;IIILjava/util/Comparator;)V @ 215
Event: 2,228 Thread 0x00007fc16000a000 Uncommon trap: reason=array_check action=maybe_recompile pc=0x00007fc15d164fcc method=java.util.TimSort.binarySort([Ljava/lang/Object;IIILjava/util/Comparator;)V @ 183
Event: 2,228 Thread 0x00007fc16000a000 Uncommon trap: reason=array_check action=maybe_recompile pc=0x00007fc15d164fcc method=java.util.TimSort.binarySort([Ljava/lang/Object;IIILjava/util/Comparator;)V @ 183
Event: 2,276 Thread 0x00007fc16000a000 Uncommon trap: reason=array_check action=maybe_recompile pc=0x00007fc15d13a180 method=java.util.ComparableTimSort.binarySort([Ljava/lang/Object;III)V @ 193
Event: 2,488 Thread 0x00007fc16000a000 Uncommon trap: reason=array_check action=maybe_recompile pc=0x00007fc15d0802cc method=java.util.ComparableTimSort.binarySort([Ljava/lang/Object;III)V @ 215
Event: 2,559 Thread 0x00007fc16000a000 Uncommon trap: reason=array_check action=maybe_recompile pc=0x00007fc15d0802cc method=java.util.ComparableTimSort.binarySort([Ljava/lang/Object;III)V @ 215

Internal exceptions (10 events):
Event: 1,418 Thread 0x00007fc16000a000 Threw 0x00000000eb8cdf18 at /build/buildd/openjdk-7-7u75-2.5.4/build/openjdk/hotspot/src/share/vm/prims/jvm.cpp:1284
Event: 1,420 Thread 0x00007fc16000a000 Threw 0x00000000eb915790 at /build/buildd/openjdk-7-7u75-2.5.4/build/openjdk/hotspot/src/share/vm/prims/jvm.cpp:1284
Event: 1,420 Thread 0x00007fc16000a000 Threw 0x00000000eb918370 at /build/buildd/openjdk-7-7u75-2.5.4/build/openjdk/hotspot/src/share/vm/prims/jvm.cpp:1284
Event: 1,474 Thread 0x00007fc16000a000 Threw 0x00000000eb9e4088 at /build/buildd/openjdk-7-7u75-2.5.4/build/openjdk/hotspot/src/share/vm/prims/jvm.cpp:1284
Event: 1,474 Thread 0x00007fc16000a000 Threw 0x00000000eb9e41b0 at /build/buildd/openjdk-7-7u75-2.5.4/build/openjdk/hotspot/src/share/vm/prims/jvm.cpp:1284
Event: 1,475 Thread 0x00007fc16000a000 Threw 0x00000000eb9e6860 at /build/buildd/openjdk-7-7u75-2.5.4/build/openjdk/hotspot/src/share/vm/prims/jvm.cpp:1284
Event: 1,475 Thread 0x00007fc16000a000 Threw 0x00000000eb9e6988 at /build/buildd/openjdk-7-7u75-2.5.4/build/openjdk/hotspot/src/share/vm/prims/jvm.cpp:1284
Event: 1,475 Thread 0x00007fc16000a000 Threw 0x00000000eb9e7388 at /build/buildd/openjdk-7-7u75-2.5.4/build/openjdk/hotspot/src/share/vm/prims/jvm.cpp:1284
Event: 1,475 Thread 0x00007fc16000a000 Threw 0x00000000eb9e74b0 at /build/buildd/openjdk-7-7u75-2.5.4/build/openjdk/hotspot/src/share/vm/prims/jvm.cpp:1284
Event: 1,852 Thread 0x00007fc16000a000 Threw 0x00000000eb583088 at /build/buildd/openjdk-7-7u75-2.5.4/build/openjdk/hotspot/src/share/vm/prims/jvm.cpp:1284

Events (10 events):
Event: 2,399 Thread 0x00007fc1601fa800 flushing nmethod 0x00007fc15d07fb90
Event: 2,399 Thread 0x00007fc1601fa800 flushing nmethod 0x00007fc15d084c50
Event: 2,401 Thread 0x00007fc1601fd800 flushing nmethod 0x00007fc15d08ea50
Event: 2,488 Thread 0x00007fc16000a000 Uncommon trap: trap_request=0xffffffd6 fr.pc=0x00007fc15d0802cc
Event: 2,488 Thread 0x00007fc16000a000 DEOPT PACKING pc=0x00007fc15d0802cc sp=0x00007fc168726460
Event: 2,488 Thread 0x00007fc16000a000 DEOPT UNPACKING pc=0x00007fc15d039445 sp=0x00007fc168726428 mode 2
Event: 2,559 Thread 0x00007fc16000a000 Uncommon trap: trap_request=0xffffffd6 fr.pc=0x00007fc15d0802cc
Event: 2,559 Thread 0x00007fc16000a000 DEOPT PACKING pc=0x00007fc15d0802cc sp=0x00007fc168726460
Event: 2,559 Thread 0x00007fc16000a000 DEOPT UNPACKING pc=0x00007fc15d039445 sp=0x00007fc168726428 mode 2
Event: 2,706 Executing VM operation: ParallelGCFailedAllocation


Dynamic libraries:
00400000-00401000 r-xp 00000000 08:12 1188562                            /usr/lib/jvm/java-7-openjdk-amd64/jre/bin/java
00600000-00601000 r--p 00000000 08:12 1188562                            /usr/lib/jvm/java-7-openjdk-amd64/jre/bin/java
00601000-00602000 rw-p 00001000 08:12 1188562                            /usr/lib/jvm/java-7-openjdk-amd64/jre/bin/java
01900000-01921000 rw-p 00000000 00:00 0                                  [heap]
b5a00000-b6f00000 rw-p 00000000 00:00 0 
b6f00000-c0000000 rw-p 00000000 00:00 0 
c0000000-c5280000 rw-p 00000000 00:00 0 
c5280000-eaa80000 rw-p 00000000 00:00 0 
eaa80000-f3280000 rw-p 00000000 00:00 0 
fde80000-100000000 rw-p 00000000 00:00 0 
7fc108000000-7fc108021000 rw-p 00000000 00:00 0 
7fc108021000-7fc10c000000 ---p 00000000 00:00 0 
7fc110000000-7fc110892000 rw-p 00000000 00:00 0 
7fc110892000-7fc114000000 ---p 00000000 00:00 0 
7fc114000000-7fc114021000 rw-p 00000000 00:00 0 
7fc114021000-7fc118000000 ---p 00000000 00:00 0 
7fc118000000-7fc118021000 rw-p 00000000 00:00 0 
7fc118021000-7fc11c000000 ---p 00000000 00:00 0 
7fc11c000000-7fc11c94e000 rw-p 00000000 00:00 0 
7fc11c94e000-7fc120000000 ---p 00000000 00:00 0 
7fc120000000-7fc120021000 rw-p 00000000 00:00 0 
7fc120021000-7fc124000000 ---p 00000000 00:00 0 
7fc124000000-7fc124021000 rw-p 00000000 00:00 0 
7fc124021000-7fc128000000 ---p 00000000 00:00 0 
7fc128000000-7fc128021000 rw-p 00000000 00:00 0 
7fc128021000-7fc12c000000 ---p 00000000 00:00 0 
7fc12c000000-7fc12c0e2000 rw-p 00000000 00:00 0 
7fc12c0e2000-7fc130000000 ---p 00000000 00:00 0 
7fc130000000-7fc130021000 rw-p 00000000 00:00 0 
7fc130021000-7fc134000000 ---p 00000000 00:00 0 
7fc138000000-7fc138021000 rw-p 00000000 00:00 0 
7fc138021000-7fc13c000000 ---p 00000000 00:00 0 
7fc140000000-7fc140021000 rw-p 00000000 00:00 0 
7fc140021000-7fc144000000 ---p 00000000 00:00 0 
7fc1464e2000-7fc146642000 rw-p 00000000 00:00 0 
7fc146642000-7fc1466ae000 r-xp 00000000 08:12 3412210                    /lib/x86_64-linux-gnu/libpcre.so.3.13.1
7fc1466ae000-7fc1468ad000 ---p 0006c000 08:12 3412210                    /lib/x86_64-linux-gnu/libpcre.so.3.13.1
7fc1468ad000-7fc1468ae000 r--p 0006b000 08:12 3412210                    /lib/x86_64-linux-gnu/libpcre.so.3.13.1
7fc1468ae000-7fc1468af000 rw-p 0006c000 08:12 3412210                    /lib/x86_64-linux-gnu/libpcre.so.3.13.1
7fc1468af000-7fc1468b6000 r-xp 00000000 08:12 664696                     /usr/lib/x86_64-linux-gnu/libffi.so.6.0.2
7fc1468b6000-7fc146ab5000 ---p 00007000 08:12 664696                     /usr/lib/x86_64-linux-gnu/libffi.so.6.0.2
7fc146ab5000-7fc146ab6000 r--p 00006000 08:12 664696                     /usr/lib/x86_64-linux-gnu/libffi.so.6.0.2
7fc146ab6000-7fc146ab7000 rw-p 00007000 08:12 664696                     /usr/lib/x86_64-linux-gnu/libffi.so.6.0.2
7fc146ab7000-7fc146ace000 r-xp 00000000 08:12 3412401                    /lib/x86_64-linux-gnu/libresolv-2.19.so
7fc146ace000-7fc146cce000 ---p 00017000 08:12 3412401                    /lib/x86_64-linux-gnu/libresolv-2.19.so
7fc146cce000-7fc146ccf000 r--p 00017000 08:12 3412401                    /lib/x86_64-linux-gnu/libresolv-2.19.so
7fc146ccf000-7fc146cd0000 rw-p 00018000 08:12 3412401                    /lib/x86_64-linux-gnu/libresolv-2.19.so
7fc146cd0000-7fc146cd2000 rw-p 00000000 00:00 0 
7fc146cd2000-7fc146cf3000 r-xp 00000000 08:12 3412237                    /lib/x86_64-linux-gnu/libselinux.so.1
7fc146cf3000-7fc146ef2000 ---p 00021000 08:12 3412237                    /lib/x86_64-linux-gnu/libselinux.so.1
7fc146ef2000-7fc146ef3000 r--p 00020000 08:12 3412237                    /lib/x86_64-linux-gnu/libselinux.so.1
7fc146ef3000-7fc146ef4000 rw-p 00021000 08:12 3412237                    /lib/x86_64-linux-gnu/libselinux.so.1
7fc146ef4000-7fc146ef6000 rw-p 00000000 00:00 0 
7fc146ef6000-7fc146ef9000 r-xp 00000000 08:12 655767                     /usr/lib/x86_64-linux-gnu/libgmodule-2.0.so.0.4200.1
7fc146ef9000-7fc1470f8000 ---p 00003000 08:12 655767                     /usr/lib/x86_64-linux-gnu/libgmodule-2.0.so.0.4200.1
7fc1470f8000-7fc1470f9000 r--p 00002000 08:12 655767                     /usr/lib/x86_64-linux-gnu/libgmodule-2.0.so.0.4200.1
7fc1470f9000-7fc1470fa000 rw-p 00003000 08:12 655767                     /usr/lib/x86_64-linux-gnu/libgmodule-2.0.so.0.4200.1
7fc1470fa000-7fc147206000 r-xp 00000000 08:12 3412005                    /lib/x86_64-linux-gnu/libglib-2.0.so.0.4200.1
7fc147206000-7fc147406000 ---p 0010c000 08:12 3412005                    /lib/x86_64-linux-gnu/libglib-2.0.so.0.4200.1
7fc147406000-7fc147407000 r--p 0010c000 08:12 3412005                    /lib/x86_64-linux-gnu/libglib-2.0.so.0.4200.1
7fc147407000-7fc147408000 rw-p 0010d000 08:12 3412005                    /lib/x86_64-linux-gnu/libglib-2.0.so.0.4200.1
7fc147408000-7fc147409000 rw-p 00000000 00:00 0 
7fc147409000-7fc147459000 r-xp 00000000 08:12 655742                     /usr/lib/x86_64-linux-gnu/libgobject-2.0.so.0.4200.1
7fc147459000-7fc147659000 ---p 00050000 08:12 655742                     /usr/lib/x86_64-linux-gnu/libgobject-2.0.so.0.4200.1
7fc147659000-7fc14765a000 r--p 00050000 08:12 655742                     /usr/lib/x86_64-linux-gnu/libgobject-2.0.so.0.4200.1
7fc14765a000-7fc14765b000 rw-p 00051000 08:12 655742                     /usr/lib/x86_64-linux-gnu/libgobject-2.0.so.0.4200.1
7fc14765b000-7fc1477cc000 r-xp 00000000 08:12 655762                     /usr/lib/x86_64-linux-gnu/libgio-2.0.so.0.4200.1
7fc1477cc000-7fc1479cc000 ---p 00171000 08:12 655762                     /usr/lib/x86_64-linux-gnu/libgio-2.0.so.0.4200.1
7fc1479cc000-7fc1479d0000 r--p 00171000 08:12 655762                     /usr/lib/x86_64-linux-gnu/libgio-2.0.so.0.4200.1
7fc1479d0000-7fc1479d2000 rw-p 00175000 08:12 655762                     /usr/lib/x86_64-linux-gnu/libgio-2.0.so.0.4200.1
7fc1479d2000-7fc1479d4000 rw-p 00000000 00:00 0 
7fc1479d4000-7fc1479eb000 r-xp 00000000 08:12 1188507                    /usr/lib/jvm/java-7-openjdk-amd64/jre/lib/amd64/libnet.so
7fc1479eb000-7fc147bea000 ---p 00017000 08:12 1188507                    /usr/lib/jvm/java-7-openjdk-amd64/jre/lib/amd64/libnet.so
7fc147bea000-7fc147beb000 r--p 00016000 08:12 1188507                    /usr/lib/jvm/java-7-openjdk-amd64/jre/lib/amd64/libnet.so
7fc147beb000-7fc147bec000 rw-p 00017000 08:12 1188507                    /usr/lib/jvm/java-7-openjdk-amd64/jre/lib/amd64/libnet.so
7fc147bec000-7fc147bfd000 r-xp 00000000 08:12 1188501                    /usr/lib/jvm/java-7-openjdk-amd64/jre/lib/amd64/libnio.so
7fc147bfd000-7fc147dfc000 ---p 00011000 08:12 1188501                    /usr/lib/jvm/java-7-openjdk-amd64/jre/lib/amd64/libnio.so
7fc147dfc000-7fc147dfd000 r--p 00010000 08:12 1188501                    /usr/lib/jvm/java-7-openjdk-amd64/jre/lib/amd64/libnio.so
7fc147dfd000-7fc147dfe000 rw-p 00011000 08:12 1188501                    /usr/lib/jvm/java-7-openjdk-amd64/jre/lib/amd64/libnio.so
7fc147dfe000-7fc147dff000 ---p 00000000 00:00 0 
7fc147dff000-7fc147eff000 rw-p 00000000 00:00 0                          [stack:25109]
7fc147eff000-7fc147f02000 ---p 00000000 00:00 0 
7fc147f02000-7fc148000000 rw-p 00000000 00:00 0                          [stack:25108]
7fc148000000-7fc148021000 rw-p 00000000 00:00 0 
7fc148021000-7fc14c000000 ---p 00000000 00:00 0 
7fc14c068000-7fc14c06b000 ---p 00000000 00:00 0 
7fc14c06b000-7fc14c169000 rw-p 00000000 00:00 0                          [stack:25107]
7fc14c169000-7fc14c16c000 ---p 00000000 00:00 0 
7fc14c16c000-7fc14c26a000 rw-p 00000000 00:00 0                          [stack:25106]
7fc14c26a000-7fc14c26d000 ---p 00000000 00:00 0 
7fc14c26d000-7fc14c36b000 rw-p 00000000 00:00 0                          [stack:25105]
7fc14c36b000-7fc14cbc1000 r--p 00000000 08:12 663587                     /usr/lib/locale/locale-archive
7fc14cbc1000-7fc14cbc4000 ---p 00000000 00:00 0 
7fc14cbc4000-7fc14ccc2000 rw-p 00000000 00:00 0                          [stack:25104]
7fc14ccc2000-7fc14ccc5000 ---p 00000000 00:00 0 
7fc14ccc5000-7fc14cdc3000 rw-p 00000000 00:00 0                          [stack:25103]
7fc14cdc3000-7fc14cdc4000 ---p 00000000 00:00 0 
7fc14cdc4000-7fc150000000 rw-p 00000000 00:00 0                          [stack:25102]
7fc150000000-7fc150021000 rw-p 00000000 00:00 0 
7fc150021000-7fc154000000 ---p 00000000 00:00 0 
7fc154000000-7fc154021000 rw-p 00000000 00:00 0 
7fc154021000-7fc158000000 ---p 00000000 00:00 0 
7fc158000000-7fc158021000 rw-p 00000000 00:00 0 
7fc158021000-7fc15c000000 ---p 00000000 00:00 0 
7fc15c0f1000-7fc15d000000 rw-p 00000000 00:00 0 
7fc15d000000-7fc15d270000 rwxp 00000000 00:00 0 
7fc15d270000-7fc160476000 rw-p 00000000 00:00 0 
7fc160476000-7fc164000000 ---p 00000000 00:00 0 
7fc1640bf000-7fc1640c6000 r--s 00000000 08:12 924945                     /usr/lib/x86_64-linux-gnu/gconv/gconv-modules.cache
7fc1640c6000-7fc1640ec000 r--p 00000000 08:12 1184610                    /usr/share/locale-langpack/fr/LC_MESSAGES/libc.mo
7fc1640ec000-7fc1640f0000 r--s 0004d000 08:12 1188530                    /usr/lib/jvm/java-7-openjdk-amd64/jre/lib/jsse.jar
7fc1640f0000-7fc1640ff000 r--s 000dd000 08:02 138402                     /home/guillaume/Android/Sdk/build-tools/22.0.1/lib/dx.jar
7fc1640ff000-7fc164148000 rw-p 00000000 00:00 0 
7fc164148000-7fc1642fa000 r--s 01d23000 08:12 1188548                    /usr/lib/jvm/java-7-openjdk-amd64/jre/lib/rt.jar
7fc1642fa000-7fc16461e000 rw-p 00000000 00:00 0 
7fc16461e000-7fc16461f000 ---p 00000000 00:00 0 
7fc16461f000-7fc16471f000 rw-p 00000000 00:00 0                          [stack:25101]
7fc16471f000-7fc164720000 ---p 00000000 00:00 0 
7fc164720000-7fc164820000 rw-p 00000000 00:00 0                          [stack:25100]
7fc164820000-7fc164821000 ---p 00000000 00:00 0 
7fc164821000-7fc164921000 rw-p 00000000 00:00 0                          [stack:25099]
7fc164921000-7fc164922000 ---p 00000000 00:00 0 
7fc164922000-7fc164a22000 rw-p 00000000 00:00 0                          [stack:25098]
7fc164a22000-7fc164a23000 ---p 00000000 00:00 0 
7fc164a23000-7fc164b23000 rw-p 00000000 00:00 0                          [stack:25097]
7fc164b23000-7fc164b24000 ---p 00000000 00:00 0 
7fc164b24000-7fc164c24000 rw-p 00000000 00:00 0                          [stack:25096]
7fc164c24000-7fc164c25000 ---p 00000000 00:00 0 
7fc164c25000-7fc164d25000 rw-p 00000000 00:00 0                          [stack:25095]
7fc164d25000-7fc164d26000 ---p 00000000 00:00 0 
7fc164d26000-7fc164e31000 rw-p 00000000 00:00 0                          [stack:25094]
7fc164e31000-7fc164e79000 rw-p 00000000 00:00 0 
7fc164e79000-7fc164ea3000 rw-p 00000000 00:00 0 
7fc164ea3000-7fc164fcf000 rw-p 00000000 00:00 0 
7fc164fcf000-7fc164fda000 rw-p 00000000 00:00 0 
7fc164fda000-7fc165022000 rw-p 00000000 00:00 0 
7fc165022000-7fc16504c000 rw-p 00000000 00:00 0 
7fc16504c000-7fc165177000 rw-p 00000000 00:00 0 
7fc165177000-7fc1651bc000 rw-p 00000000 00:00 0 
7fc1651bc000-7fc165222000 rw-p 00000000 00:00 0 
7fc165222000-7fc165223000 rw-p 00000000 00:00 0 
7fc165223000-7fc16522b000 r-xp 00000000 08:12 1188494                    /usr/lib/jvm/java-7-openjdk-amd64/jre/lib/amd64/libzip.so
7fc16522b000-7fc16542a000 ---p 00008000 08:12 1188494                    /usr/lib/jvm/java-7-openjdk-amd64/jre/lib/amd64/libzip.so
7fc16542a000-7fc16542b000 r--p 00007000 08:12 1188494                    /usr/lib/jvm/java-7-openjdk-amd64/jre/lib/amd64/libzip.so
7fc16542b000-7fc16542c000 rw-p 00008000 08:12 1188494                    /usr/lib/jvm/java-7-openjdk-amd64/jre/lib/amd64/libzip.so
7fc16542c000-7fc165437000 r-xp 00000000 08:12 3412406                    /lib/x86_64-linux-gnu/libnss_files-2.19.so
7fc165437000-7fc165636000 ---p 0000b000 08:12 3412406                    /lib/x86_64-linux-gnu/libnss_files-2.19.so
7fc165636000-7fc165637000 r--p 0000a000 08:12 3412406                    /lib/x86_64-linux-gnu/libnss_files-2.19.so
7fc165637000-7fc165638000 rw-p 0000b000 08:12 3412406                    /lib/x86_64-linux-gnu/libnss_files-2.19.so
7fc165638000-7fc165643000 r-xp 00000000 08:12 3412408                    /lib/x86_64-linux-gnu/libnss_nis-2.19.so
7fc165643000-7fc165842000 ---p 0000b000 08:12 3412408                    /lib/x86_64-linux-gnu/libnss_nis-2.19.so
7fc165842000-7fc165843000 r--p 0000a000 08:12 3412408                    /lib/x86_64-linux-gnu/libnss_nis-2.19.so
7fc165843000-7fc165844000 rw-p 0000b000 08:12 3412408                    /lib/x86_64-linux-gnu/libnss_nis-2.19.so
7fc165844000-7fc16585b000 r-xp 00000000 08:12 3412392                    /lib/x86_64-linux-gnu/libnsl-2.19.so
7fc16585b000-7fc165a5a000 ---p 00017000 08:12 3412392                    /lib/x86_64-linux-gnu/libnsl-2.19.so
7fc165a5a000-7fc165a5b000 r--p 00016000 08:12 3412392                    /lib/x86_64-linux-gnu/libnsl-2.19.so
7fc165a5b000-7fc165a5c000 rw-p 00017000 08:12 3412392                    /lib/x86_64-linux-gnu/libnsl-2.19.so
7fc165a5c000-7fc165a5e000 rw-p 00000000 00:00 0 
7fc165a5e000-7fc165a67000 r-xp 00000000 08:12 3412393                    /lib/x86_64-linux-gnu/libnss_compat-2.19.so
7fc165a67000-7fc165c66000 ---p 00009000 08:12 3412393                    /lib/x86_64-linux-gnu/libnss_compat-2.19.so
7fc165c66000-7fc165c67000 r--p 00008000 08:12 3412393                    /lib/x86_64-linux-gnu/libnss_compat-2.19.so
7fc165c67000-7fc165c68000 rw-p 00009000 08:12 3412393                    /lib/x86_64-linux-gnu/libnss_compat-2.19.so
7fc165c68000-7fc165c95000 r-xp 00000000 08:12 1188492                    /usr/lib/jvm/java-7-openjdk-amd64/jre/lib/amd64/libjava.so
7fc165c95000-7fc165e94000 ---p 0002d000 08:12 1188492                    /usr/lib/jvm/java-7-openjdk-amd64/jre/lib/amd64/libjava.so
7fc165e94000-7fc165e95000 r--p 0002c000 08:12 1188492                    /usr/lib/jvm/java-7-openjdk-amd64/jre/lib/amd64/libjava.so
7fc165e95000-7fc165e97000 rw-p 0002d000 08:12 1188492                    /usr/lib/jvm/java-7-openjdk-amd64/jre/lib/amd64/libjava.so
7fc165e97000-7fc165ea8000 r-xp 00000000 08:12 1188511                    /usr/lib/jvm/java-7-openjdk-amd64/jre/lib/amd64/libverify.so
7fc165ea8000-7fc1660a7000 ---p 00011000 08:12 1188511                    /usr/lib/jvm/java-7-openjdk-amd64/jre/lib/amd64/libverify.so
7fc1660a7000-7fc1660a9000 r--p 00010000 08:12 1188511                    /usr/lib/jvm/java-7-openjdk-amd64/jre/lib/amd64/libverify.so
7fc1660a9000-7fc1660aa000 rw-p 00012000 08:12 1188511                    /usr/lib/jvm/java-7-openjdk-amd64/jre/lib/amd64/libverify.so
7fc1660aa000-7fc1660b1000 r-xp 00000000 08:12 3412409                    /lib/x86_64-linux-gnu/librt-2.19.so
7fc1660b1000-7fc1662b0000 ---p 00007000 08:12 3412409                    /lib/x86_64-linux-gnu/librt-2.19.so
7fc1662b0000-7fc1662b1000 r--p 00006000 08:12 3412409                    /lib/x86_64-linux-gnu/librt-2.19.so
7fc1662b1000-7fc1662b2000 rw-p 00007000 08:12 3412409                    /lib/x86_64-linux-gnu/librt-2.19.so
7fc1662b2000-7fc1662c8000 r-xp 00000000 08:12 3412127                    /lib/x86_64-linux-gnu/libgcc_s.so.1
7fc1662c8000-7fc1664c7000 ---p 00016000 08:12 3412127                    /lib/x86_64-linux-gnu/libgcc_s.so.1
7fc1664c7000-7fc1664c8000 r--p 00015000 08:12 3412127                    /lib/x86_64-linux-gnu/libgcc_s.so.1
7fc1664c8000-7fc1664c9000 rw-p 00016000 08:12 3412127                    /lib/x86_64-linux-gnu/libgcc_s.so.1
7fc1664c9000-7fc1665ce000 r-xp 00000000 08:12 3412388                    /lib/x86_64-linux-gnu/libm-2.19.so
7fc1665ce000-7fc1667cd000 ---p 00105000 08:12 3412388                    /lib/x86_64-linux-gnu/libm-2.19.so
7fc1667cd000-7fc1667ce000 r--p 00104000 08:12 3412388                    /lib/x86_64-linux-gnu/libm-2.19.so
7fc1667ce000-7fc1667cf000 rw-p 00105000 08:12 3412388                    /lib/x86_64-linux-gnu/libm-2.19.so
7fc1667cf000-7fc1668bf000 r-xp 00000000 08:12 665329                     /usr/lib/x86_64-linux-gnu/libstdc++.so.6.0.20
7fc1668bf000-7fc166abf000 ---p 000f0000 08:12 665329                     /usr/lib/x86_64-linux-gnu/libstdc++.so.6.0.20
7fc166abf000-7fc166ac7000 r--p 000f0000 08:12 665329                     /usr/lib/x86_64-linux-gnu/libstdc++.so.6.0.20
7fc166ac7000-7fc166ac9000 rw-p 000f8000 08:12 665329                     /usr/lib/x86_64-linux-gnu/libstdc++.so.6.0.20
7fc166ac9000-7fc166ade000 rw-p 00000000 00:00 0 
7fc166ade000-7fc16762d000 r-xp 00000000 08:12 1188520                    /usr/lib/jvm/java-7-openjdk-amd64/jre/lib/amd64/server/libjvm.so
7fc16762d000-7fc16782d000 ---p 00b4f000 08:12 1188520                    /usr/lib/jvm/java-7-openjdk-amd64/jre/lib/amd64/server/libjvm.so
7fc16782d000-7fc1678cd000 r--p 00b4f000 08:12 1188520                    /usr/lib/jvm/java-7-openjdk-amd64/jre/lib/amd64/server/libjvm.so
7fc1678cd000-7fc1678f0000 rw-p 00bef000 08:12 1188520                    /usr/lib/jvm/java-7-openjdk-amd64/jre/lib/amd64/server/libjvm.so
7fc1678f0000-7fc16791d000 rw-p 00000000 00:00 0 
7fc16791d000-7fc167935000 r-xp 00000000 08:12 3412271                    /lib/x86_64-linux-gnu/libz.so.1.2.8
7fc167935000-7fc167b34000 ---p 00018000 08:12 3412271                    /lib/x86_64-linux-gnu/libz.so.1.2.8
7fc167b34000-7fc167b35000 r--p 00017000 08:12 3412271                    /lib/x86_64-linux-gnu/libz.so.1.2.8
7fc167b35000-7fc167b36000 rw-p 00018000 08:12 3412271                    /lib/x86_64-linux-gnu/libz.so.1.2.8
7fc167b36000-7fc167b4f000 r-xp 00000000 08:12 3412396                    /lib/x86_64-linux-gnu/libpthread-2.19.so
7fc167b4f000-7fc167d4e000 ---p 00019000 08:12 3412396                    /lib/x86_64-linux-gnu/libpthread-2.19.so
7fc167d4e000-7fc167d4f000 r--p 00018000 08:12 3412396                    /lib/x86_64-linux-gnu/libpthread-2.19.so
7fc167d4f000-7fc167d50000 rw-p 00019000 08:12 3412396                    /lib/x86_64-linux-gnu/libpthread-2.19.so
7fc167d50000-7fc167d54000 rw-p 00000000 00:00 0 
7fc167d54000-7fc167d57000 r-xp 00000000 08:12 3412395                    /lib/x86_64-linux-gnu/libdl-2.19.so
7fc167d57000-7fc167f56000 ---p 00003000 08:12 3412395                    /lib/x86_64-linux-gnu/libdl-2.19.so
7fc167f56000-7fc167f57000 r--p 00002000 08:12 3412395                    /lib/x86_64-linux-gnu/libdl-2.19.so
7fc167f57000-7fc167f58000 rw-p 00003000 08:12 3412395                    /lib/x86_64-linux-gnu/libdl-2.19.so
7fc167f58000-7fc168112000 r-xp 00000000 08:12 3412407                    /lib/x86_64-linux-gnu/libc-2.19.so
7fc168112000-7fc168311000 ---p 001ba000 08:12 3412407                    /lib/x86_64-linux-gnu/libc-2.19.so
7fc168311000-7fc168315000 r--p 001b9000 08:12 3412407                    /lib/x86_64-linux-gnu/libc-2.19.so
7fc168315000-7fc168317000 rw-p 001bd000 08:12 3412407                    /lib/x86_64-linux-gnu/libc-2.19.so
7fc168317000-7fc16831c000 rw-p 00000000 00:00 0 
7fc16831c000-7fc168329000 r-xp 00000000 08:12 1188522                    /usr/lib/jvm/java-7-openjdk-amd64/jre/lib/amd64/jli/libjli.so
7fc168329000-7fc168528000 ---p 0000d000 08:12 1188522                    /usr/lib/jvm/java-7-openjdk-amd64/jre/lib/amd64/jli/libjli.so
7fc168528000-7fc168529000 r--p 0000c000 08:12 1188522                    /usr/lib/jvm/java-7-openjdk-amd64/jre/lib/amd64/jli/libjli.so
7fc168529000-7fc16852a000 rw-p 0000d000 08:12 1188522                    /usr/lib/jvm/java-7-openjdk-amd64/jre/lib/amd64/jli/libjli.so
7fc16852a000-7fc16854d000 r-xp 00000000 08:12 3412402                    /lib/x86_64-linux-gnu/ld-2.19.so
7fc16854e000-7fc168571000 rw-p 00000000 00:00 0 
7fc168571000-7fc168627000 rw-p 00000000 00:00 0 
7fc168627000-7fc16862a000 ---p 00000000 00:00 0 
7fc16862a000-7fc16872d000 rw-p 00000000 00:00 0                          [stack:25093]
7fc16872d000-7fc168730000 r--s 0000f000 08:12 1188551                    /usr/lib/jvm/java-7-openjdk-amd64/jre/lib/ext/icedtea-sound.jar
7fc168730000-7fc168731000 r--s 00002000 08:12 1188550                    /usr/lib/jvm/java-7-openjdk-amd64/jre/lib/ext/dnsns.jar
7fc168731000-7fc168733000 r--s 00006000 08:12 1067560                    /usr/share/java/java-atk-wrapper.jar
7fc168733000-7fc168735000 r--s 00012000 08:12 1188553                    /usr/lib/jvm/java-7-openjdk-amd64/jre/lib/ext/zipfs.jar
7fc168735000-7fc168739000 r--s 0003c000 08:12 1188555                    /usr/lib/jvm/java-7-openjdk-amd64/jre/lib/ext/sunpkcs11.jar
7fc168739000-7fc16873d000 r--s 00034000 08:12 1188554                    /usr/lib/jvm/java-7-openjdk-amd64/jre/lib/ext/sunjce_provider.jar
7fc16873d000-7fc168740000 r--s 00086000 08:12 1188552                    /usr/lib/jvm/java-7-openjdk-amd64/jre/lib/ext/localedata.jar
7fc168740000-7fc168748000 rw-s 00000000 08:12 524372                     /tmp/hsperfdata_guillaume/25084
7fc168748000-7fc168749000 rw-p 00000000 00:00 0 
7fc168749000-7fc16874a000 ---p 00000000 00:00 0 
7fc16874a000-7fc16874c000 rw-p 00000000 00:00 0 
7fc16874c000-7fc16874d000 r--p 00022000 08:12 3412402                    /lib/x86_64-linux-gnu/ld-2.19.so
7fc16874d000-7fc16874e000 rw-p 00023000 08:12 3412402                    /lib/x86_64-linux-gnu/ld-2.19.so
7fc16874e000-7fc16874f000 rw-p 00000000 00:00 0 
7ffd9e6f5000-7ffd9e716000 rw-p 00000000 00:00 0                          [stack]
7ffd9e73a000-7ffd9e73c000 r-xp 00000000 00:00 0                          [vdso]
7ffd9e73c000-7ffd9e73e000 r--p 00000000 00:00 0                          [vvar]
ffffffffff600000-ffffffffff601000 r-xp 00000000 00:00 0                  [vsyscall]

VM Arguments:
jvm_args: -Xmx1024M 
java_command: /home/guillaume/Android/Sdk/build-tools/22.0.1/lib/dx.jar --dex --no-optimize --output /home/guillaume/AndroidStudioProjects/Weather/mobile/build/intermediates/dex/debug --input-list=/home/guillaume/AndroidStudioProjects/Weather/mobile/build/intermediates/tmp/dex/debug/inputList.txt
Launcher Type: SUN_STANDARD

Environment Variables:
CLASSPATH=./../lib/bootstrap.jar:./../lib/extensions.jar:./../lib/util.jar:./../lib/jdom.jar:./../lib/log4j.jar:./../lib/trove4j.jar:./../lib/jna.jar:/usr/lib/jvm/java-7-openjdk-amd64/lib/tools.jar
PATH=/usr/local/sbin:/usr/local/bin:/usr/sbin:/usr/bin:/sbin:/bin:/usr/games:/usr/local/games
USERNAME=guillaume
LD_LIBRARY_PATH=.:
SHELL=/bin/bash
DISPLAY=:0

Signal Handlers:
SIGSEGV: [libjvm.so+0x983340], sa_mask[0]=0x7ffbfeff, sa_flags=0x10000004
SIGBUS: [libjvm.so+0x983340], sa_mask[0]=0x7ffbfeff, sa_flags=0x10000004
SIGFPE: [libjvm.so+0x7efd90], sa_mask[0]=0x7ffbfeff, sa_flags=0x10000004
SIGPIPE: [libjvm.so+0x7efd90], sa_mask[0]=0x7ffbfeff, sa_flags=0x10000004
SIGXFSZ: [libjvm.so+0x7efd90], sa_mask[0]=0x7ffbfeff, sa_flags=0x10000004
SIGILL: [libjvm.so+0x7efd90], sa_mask[0]=0x7ffbfeff, sa_flags=0x10000004
SIGUSR1: SIG_DFL, sa_mask[0]=0x00000000, sa_flags=0x00000000
SIGUSR2: [libjvm.so+0x7efc10], sa_mask[0]=0x00000204, sa_flags=0x10000004
SIGHUP: [libjvm.so+0x7efe10], sa_mask[0]=0x7ffbfeff, sa_flags=0x10000004
SIGINT: [libjvm.so+0x7efe10], sa_mask[0]=0x7ffbfeff, sa_flags=0x10000004
SIGTERM: [libjvm.so+0x7efe10], sa_mask[0]=0x7ffbfeff, sa_flags=0x10000004
SIGQUIT: [libjvm.so+0x7efe10], sa_mask[0]=0x7ffbfeff, sa_flags=0x10000004
SIGTRAP: SIG_DFL, sa_mask[0]=0x00000000, sa_flags=0x00000000


---------------  S Y S T E M  ---------------

OS:Ubuntu 14.10 (utopic)
uname:Linux 3.16.0-34-generic #45-Ubuntu SMP Mon Mar 23 17:21:27 UTC 2015 x86_64
libc:glibc 2.19 NPTL 2.19 
rlimit: STACK 8192k, CORE 0k, NPROC 31640, NOFILE 4096, AS infinity
load average:1,60 1,00 0,85

/proc/meminfo:
MemTotal:        8122336 kB
MemFree:          114180 kB
MemAvailable:      95284 kB
Buffers:             428 kB
Cached:          2197588 kB
SwapCached:            0 kB
Active:          5662720 kB
Inactive:        1965944 kB
Active(anon):    5660216 kB
Inactive(anon):  1954448 kB
Active(file):       2504 kB
Inactive(file):    11496 kB
Unevictable:        2432 kB
Mlocked:            2432 kB
SwapTotal:             0 kB
SwapFree:              0 kB
Dirty:              1104 kB
Writeback:             0 kB
AnonPages:       5437120 kB
Mapped:           535496 kB
Shmem:           2179976 kB
Slab:             188300 kB
SReclaimable:     117136 kB
SUnreclaim:        71164 kB
KernelStack:       14944 kB
PageTables:        64872 kB
NFS_Unstable:          0 kB
Bounce:                0 kB
WritebackTmp:          0 kB
CommitLimit:     4061168 kB
Committed_AS:   15853664 kB
VmallocTotal:   34359738367 kB
VmallocUsed:      571096 kB
VmallocChunk:   34359150580 kB
HardwareCorrupted:     0 kB
AnonHugePages:    681984 kB
HugePages_Total:       0
HugePages_Free:        0
HugePages_Rsvd:        0
HugePages_Surp:        0
Hugepagesize:       2048 kB
DirectMap4k:      125184 kB
DirectMap2M:     8210432 kB


CPU:total 8 (4 cores per cpu, 2 threads per core) family 6 model 42 stepping 7, cmov, cx8, fxsr, mmx, sse, sse2, sse3, ssse3, sse4.1, sse4.2, popcnt, avx, aes, ht, tsc, tscinvbit

/proc/cpuinfo:
processor	: 0
vendor_id	: GenuineIntel
cpu family	: 6
model		: 42
model name	: Intel(R) Core(TM) i7-2670QM CPU @ 2.20GHz
stepping	: 7
microcode	: 0x1a
cpu MHz		: 907.328
cache size	: 6144 KB
physical id	: 0
siblings	: 8
core id		: 0
cpu cores	: 4
apicid		: 0
initial apicid	: 0
fpu		: yes
fpu_exception	: yes
cpuid level	: 13
wp		: yes
flags		: fpu vme de pse tsc msr pae mce cx8 apic sep mtrr pge mca cmov pat pse36 clflush dts acpi mmx fxsr sse sse2 ss ht tm pbe syscall nx rdtscp lm constant_tsc arch_perfmon pebs bts rep_good nopl xtopology nonstop_tsc aperfmperf eagerfpu pni pclmulqdq dtes64 monitor ds_cpl vmx est tm2 ssse3 cx16 xtpr pdcm pcid sse4_1 sse4_2 x2apic popcnt tsc_deadline_timer aes xsave avx lahf_lm ida arat epb xsaveopt pln pts dtherm tpr_shadow vnmi flexpriority ept vpid
bogomips	: 4390.43
clflush size	: 64
cache_alignment	: 64
address sizes	: 36 bits physical, 48 bits virtual
power management:

processor	: 1
vendor_id	: GenuineIntel
cpu family	: 6
model		: 42
model name	: Intel(R) Core(TM) i7-2670QM CPU @ 2.20GHz
stepping	: 7
microcode	: 0x1a
cpu MHz		: 2710.125
cache size	: 6144 KB
physical id	: 0
siblings	: 8
core id		: 0
cpu cores	: 4
apicid		: 1
initial apicid	: 1
fpu		: yes
fpu_exception	: yes
cpuid level	: 13
wp		: yes
flags		: fpu vme de pse tsc msr pae mce cx8 apic sep mtrr pge mca cmov pat pse36 clflush dts acpi mmx fxsr sse sse2 ss ht tm pbe syscall nx rdtscp lm constant_tsc arch_perfmon pebs bts rep_good nopl xtopology nonstop_tsc aperfmperf eagerfpu pni pclmulqdq dtes64 monitor ds_cpl vmx est tm2 ssse3 cx16 xtpr pdcm pcid sse4_1 sse4_2 x2apic popcnt tsc_deadline_timer aes xsave avx lahf_lm ida arat epb xsaveopt pln pts dtherm tpr_shadow vnmi flexpriority ept vpid
bogomips	: 4390.43
clflush size	: 64
cache_alignment	: 64
address sizes	: 36 bits physical, 48 bits virtual
power management:

processor	: 2
vendor_id	: GenuineIntel
cpu family	: 6
model		: 42
model name	: Intel(R) Core(TM) i7-2670QM CPU @ 2.20GHz
stepping	: 7
microcode	: 0x1a
cpu MHz		: 884.898
cache size	: 6144 KB
physical id	: 0
siblings	: 8
core id		: 1
cpu cores	: 4
apicid		: 2
initial apicid	: 2
fpu		: yes
fpu_exception	: yes
cpuid level	: 13
wp		: yes
flags		: fpu vme de pse tsc msr pae mce cx8 apic sep mtrr pge mca cmov pat pse36 clflush dts acpi mmx fxsr sse sse2 ss ht tm pbe syscall nx rdtscp lm constant_tsc arch_perfmon pebs bts rep_good nopl xtopology nonstop_tsc aperfmperf eagerfpu pni pclmulqdq dtes64 monitor ds_cpl vmx est tm2 ssse3 cx16 xtpr pdcm pcid sse4_1 sse4_2 x2apic popcnt tsc_deadline_timer aes xsave avx lahf_lm ida arat epb xsaveopt pln pts dtherm tpr_shadow vnmi flexpriority ept vpid
bogomips	: 4390.43
clflush size	: 64
cache_alignment	: 64
address sizes	: 36 bits physical, 48 bits virtual
power management:

processor	: 3
vendor_id	: GenuineIntel
cpu family	: 6
model		: 42
model name	: Intel(R) Core(TM) i7-2670QM CPU @ 2.20GHz
stepping	: 7
microcode	: 0x1a
cpu MHz		: 1322.578
cache size	: 6144 KB
physical id	: 0
siblings	: 8
core id		: 1
cpu cores	: 4
apicid		: 3
initial apicid	: 3
fpu		: yes
fpu_exception	: yes
cpuid level	: 13
wp		: yes
flags		: fpu vme de pse tsc msr pae mce cx8 apic sep mtrr pge mca cmov pat pse36 clflush dts acpi mmx fxsr sse sse2 ss ht tm pbe syscall nx rdtscp lm constant_tsc arch_perfmon pebs bts rep_good nopl xtopology nonstop_tsc aperfmperf eagerfpu pni pclmulqdq dtes64 monitor ds_cpl vmx est tm2 ssse3 cx16 xtpr pdcm pcid sse4_1 sse4_2 x2apic popcnt tsc_deadline_timer aes xsave avx lahf_lm ida arat epb xsaveopt pln pts dtherm tpr_shadow vnmi flexpriority ept vpid
bogomips	: 4390.43
clflush size	: 64
cache_alignment	: 64
address sizes	: 36 bits physical, 48 bits virtual
power management:

processor	: 4
vendor_id	: GenuineIntel
cpu family	: 6
model		: 42
model name	: Intel(R) Core(TM) i7-2670QM CPU @ 2.20GHz
stepping	: 7
microcode	: 0x1a
cpu MHz		: 1155.601
cache size	: 6144 KB
physical id	: 0
siblings	: 8
core id		: 2
cpu cores	: 4
apicid		: 4
initial apicid	: 4
fpu		: yes
fpu_exception	: yes
cpuid level	: 13
wp		: yes
flags		: fpu vme de pse tsc msr pae mce cx8 apic sep mtrr pge mca cmov pat pse36 clflush dts acpi mmx fxsr sse sse2 ss ht tm pbe syscall nx rdtscp lm constant_tsc arch_perfmon pebs bts rep_good nopl xtopology nonstop_tsc aperfmperf eagerfpu pni pclmulqdq dtes64 monitor ds_cpl vmx est tm2 ssse3 cx16 xtpr pdcm pcid sse4_1 sse4_2 x2apic popcnt tsc_deadline_timer aes xsave avx lahf_lm ida arat epb xsaveopt pln pts dtherm tpr_shadow vnmi flexpriority ept vpid
bogomips	: 4390.43
clflush size	: 64
cache_alignment	: 64
address sizes	: 36 bits physical, 48 bits virtual
power management:

processor	: 5
vendor_id	: GenuineIntel
cpu family	: 6
model		: 42
model name	: Intel(R) Core(TM) i7-2670QM CPU @ 2.20GHz
stepping	: 7
microcode	: 0x1a
cpu MHz		: 1318.539
cache size	: 6144 KB
physical id	: 0
siblings	: 8
core id		: 2
cpu cores	: 4
apicid		: 5
initial apicid	: 5
fpu		: yes
fpu_exception	: yes
cpuid level	: 13
wp		: yes
flags		: fpu vme de pse tsc msr pae mce cx8 apic sep mtrr pge mca cmov pat pse36 clflush dts acpi mmx fxsr sse sse2 ss ht tm pbe syscall nx rdtscp lm constant_tsc arch_perfmon pebs bts rep_good nopl xtopology nonstop_tsc aperfmperf eagerfpu pni pclmulqdq dtes64 monitor ds_cpl vmx est tm2 ssse3 cx16 xtpr pdcm pcid sse4_1 sse4_2 x2apic popcnt tsc_deadline_timer aes xsave avx lahf_lm ida arat epb xsaveopt pln pts dtherm tpr_shadow vnmi flexpriority ept vpid
bogomips	: 4390.43
clflush size	: 64
cache_alignment	: 64
address sizes	: 36 bits physical, 48 bits virtual
power management:

processor	: 6
vendor_id	: GenuineIntel
cpu family	: 6
model		: 42
model name	: Intel(R) Core(TM) i7-2670QM CPU @ 2.20GHz
stepping	: 7
microcode	: 0x1a
cpu MHz		: 912.914
cache size	: 6144 KB
physical id	: 0
siblings	: 8
core id		: 3
cpu cores	: 4
apicid		: 6
initial apicid	: 6
fpu		: yes
fpu_exception	: yes
cpuid level	: 13
wp		: yes
flags		: fpu vme de pse tsc msr pae mce cx8 apic sep mtrr pge mca cmov pat pse36 clflush dts acpi mmx fxsr sse sse2 ss ht tm pbe syscall nx rdtscp lm constant_tsc arch_perfmon pebs bts rep_good nopl xtopology nonstop_tsc aperfmperf eagerfpu pni pclmulqdq dtes64 monitor ds_cpl vmx est tm2 ssse3 cx16 xtpr pdcm pcid sse4_1 sse4_2 x2apic popcnt tsc_deadline_timer aes xsave avx lahf_lm ida arat epb xsaveopt pln pts dtherm tpr_shadow vnmi flexpriority ept vpid
bogomips	: 4390.43
clflush size	: 64
cache_alignment	: 64
address sizes	: 36 bits physical, 48 bits virtual
power management:

processor	: 7
vendor_id	: GenuineIntel
cpu family	: 6
model		: 42
model name	: Intel(R) Core(TM) i7-2670QM CPU @ 2.20GHz
stepping	: 7
microcode	: 0x1a
cpu MHz		: 1465.664
cache size	: 6144 KB
physical id	: 0
siblings	: 8
core id		: 3
cpu cores	: 4
apicid		: 7
initial apicid	: 7
fpu		: yes
fpu_exception	: yes
cpuid level	: 13
wp		: yes
flags		: fpu vme de pse tsc msr pae mce cx8 apic sep mtrr pge mca cmov pat pse36 clflush dts acpi mmx fxsr sse sse2 ss ht tm pbe syscall nx rdtscp lm constant_tsc arch_perfmon pebs bts rep_good nopl xtopology nonstop_tsc aperfmperf eagerfpu pni pclmulqdq dtes64 monitor ds_cpl vmx est tm2 ssse3 cx16 xtpr pdcm pcid sse4_1 sse4_2 x2apic popcnt tsc_deadline_timer aes xsave avx lahf_lm ida arat epb xsaveopt pln pts dtherm tpr_shadow vnmi flexpriority ept vpid
bogomips	: 4390.43
clflush size	: 64
cache_alignment	: 64
address sizes	: 36 bits physical, 48 bits virtual
power management:



Memory: 4k page, physical 8122336k(110548k free), swap 0k(0k free)

vm_info: OpenJDK 64-Bit Server VM (24.75-b04) for linux-amd64 JRE (1.7.0_75-b13), built on Jan 27 2015 00:46:28 by "buildd" with gcc 4.9.1

time: Sat Apr 11 14:02:25 2015
elapsed time: 3 seconds

